#
# A fatal error has been detected by the Java Runtime Environment:
#
#  SIGBUS (0xa) at pc=0x00000001280014f0, pid=12050, tid=36355
#
# JRE version: Java(TM) SE Runtime Environment (17.0.1+12) (build 17.0.1+12-LTS-39)
# Java VM: Java HotSpot(TM) 64-Bit Server VM (17.0.1+12-LTS-39, mixed mode, sharing, tiered, compressed oops, compressed class ptrs, g1 gc, bsd-aarch64)
# Problematic frame:
# v  ~StubRoutines::SafeFetchN
#
# No core dump will be written. Core dumps have been disabled. To enable core dumping, try "ulimit -c unlimited" before starting Java again
#
# If you would like to submit a bug report, please visit:
#   https://bugreport.java.com/bugreport/crash.jsp
# The crash happened outside the Java Virtual Machine in native code.
# See problematic frame for where to report the bug.
#

---------------  S U M M A R Y ------------

Command Line: -javaagent:/Applications/IntelliJ IDEA CE.app/Contents/lib/idea_rt.jar=61278:/Applications/IntelliJ IDEA CE.app/Contents/bin -Dfile.encoding=UTF-8 --module-path=/Users/brandon/.m2/repository/org/openjfx/javafx-controls/17.0.1/javafx-controls-17.0.1-mac-aarch64.jar:/Users/brandon/.m2/repository/org/openjfx/javafx-graphics/17.0.1/javafx-graphics-17.0.1-mac-aarch64.jar:/Users/brandon/.m2/repository/org/openjfx/javafx-fxml/17.0.1/javafx-fxml-17.0.1-mac-aarch64.jar:/Users/brandon/Desktop/Maint/MaintenanceLog/target/classes:/Users/brandon/.m2/repository/org/openjfx/javafx-base/17.0.1/javafx-base-17.0.1-mac-aarch64.jar -Djdk.module.main=com.brandon.maintenancelog com.brandon.maintenancelog/com.brandon.maintenancelog.HelloApplication

Host: "MacBookPro17,1" arm64 1 MHz, 8 cores, 8G, Darwin 21.5.0, macOS 12.4 (21F79)
Time: Thu Aug 11 14:57:33 2022 EDT elapsed time: 6.138547 seconds (0d 0h 0m 6s)

---------------  T H R E A D  ---------------

Current thread (0x000000011d8bca00):  JavaThread "InvokeLaterDispatcher" daemon [_thread_in_native, id=36355, stack(0x000000017264c000,0x000000017284f000)]

Stack: [0x000000017264c000,0x000000017284f000],  sp=0x000000017284e7b0,  free space=2057k
Native frames: (J=compiled Java code, j=interpreted, Vv=VM code, C=native code)
v  ~StubRoutines::SafeFetchN
V  [libjvm.dylib+0x79e208]  _ZN10OopStorage7releaseEPKP7oopDesc+0x20
V  [libjvm.dylib+0x4b8f30]  jni_DeleteGlobalRef+0xc4
C  [libglass.dylib+0xab08]  -[GlassRunnable dealloc]+0x34
C  [Foundation+0x85318]  -[_NSThreadPerformInfo dealloc]+0x30
C  [Foundation+0x518ac]  -[NSObject(NSThreadPerformAdditions) performSelectorOnMainThread:withObject:waitUntilDone:]+0x88
C  0xd14f8001280098ac
j  com.sun.glass.ui.mac.MacApplication.submitForLaterInvocation(Ljava/lang/Runnable;)V+2 javafx.graphics
j  com.sun.glass.ui.InvokeLaterDispatcher.run()V+82 javafx.graphics
v  ~StubRoutines::call_stub
V  [libjvm.dylib+0x460588]  _ZN9JavaCalls11call_helperEP9JavaValueRK12methodHandleP17JavaCallArgumentsP10JavaThread+0x38c
V  [libjvm.dylib+0x45f5a4]  _ZN9JavaCalls12call_virtualEP9JavaValueP5KlassP6SymbolS5_P17JavaCallArgumentsP10JavaThread+0x11c
V  [libjvm.dylib+0x45f670]  _ZN9JavaCalls12call_virtualEP9JavaValue6HandleP5KlassP6SymbolS6_P10JavaThread+0x64
V  [libjvm.dylib+0x512ef0]  _ZL12thread_entryP10JavaThreadS0_+0xc4
V  [libjvm.dylib+0x8fc514]  _ZN10JavaThread17thread_main_innerEv+0x134
V  [libjvm.dylib+0x8fae3c]  _ZN6Thread8call_runEv+0x128
V  [libjvm.dylib+0x7a4df0]  _ZL19thread_native_entryP6Thread+0x158
C  [libsystem_pthread.dylib+0x726c]  _pthread_start+0x94

Java frames: (J=compiled Java code, j=interpreted, Vv=VM code)
j  com.sun.glass.ui.mac.MacApplication._submitForLaterInvocation(Ljava/lang/Runnable;)V+0 javafx.graphics
j  com.sun.glass.ui.mac.MacApplication.submitForLaterInvocation(Ljava/lang/Runnable;)V+2 javafx.graphics
j  com.sun.glass.ui.InvokeLaterDispatcher.run()V+82 javafx.graphics
v  ~StubRoutines::call_stub

siginfo: si_signo: 10 (SIGBUS), si_code: 1 (BUS_ADRALN), si_addr: 0x00000001280014f0

Register to memory mapping:

 x0=0x000000011cf10f88 points into unknown readable memory: 0x0000000000000000 | 00 00 00 00 00 00 00 00
 x1=0x0 is NULL
 x2=0x0000000786bfa1a0 is an oop: com.sun.glass.ui.InvokeLaterDispatcher$Future 
{0x0000000786bfa1a0} - klass: 'com/sun/glass/ui/InvokeLaterDispatcher$Future'
 - ---- fields (total size 3 words):
 - private 'done' 'Z' @12  true
 - private final 'runnable' 'Ljava/lang/Runnable;' @16  a 'com/sun/javafx/tk/quantum/QuantumToolkit$$Lambda$85+0x0000000800c397a0'{0x0000000786777948} (f0ceef29)
 - final synthetic 'this$0' 'Lcom/sun/glass/ui/InvokeLaterDispatcher;' @20  a 'com/sun/glass/ui/InvokeLaterDispatcher'{0x000000078680ae30} (f0d015c6)
 x3=0x0 is NULL
 x4=0x00000000000130a8 is an unknown value
 x5=0x0 is NULL
 x6=0x0 is NULL
 x7=0x0 is NULL
 x8=0x00000001280014ec is at begin+0 in a stub
StubRoutines::SafeFetchN [0x00000001280014ec, 0x00000001280014f8] (12 bytes)
 x9=0x0 is NULL
x10=0x2010000030300000 is an unknown value
x11=0x0000000000000007 is an unknown value
x12=0x0 is NULL
x13=0x0000600002fa9970 points into unknown readable memory: 0x0000000000000001 | 01 00 00 00 00 00 00 00
x14=0x0000080000000000 is an unknown value
x15=0x000000011b5a9f98: OBJC_CLASS_$_GlassRunnable+0 in /Users/brandon/.openjfx/cache/17.0.1/libglass.dylib at 0x000000011b564000
x16=0x0000000198bfb0fc: pthread_getspecific+0 in /usr/lib/system/libsystem_pthread.dylib at 0x0000000198bf9000
x17=0x0000600002582be0 points into unknown readable memory: 0xfffffffffffffffe | fe ff ff ff ff ff ff ff
x18=0x0 is NULL
x19=0x0000600002a88690 points into unknown readable memory: 0x00006000003893d0 | d0 93 38 00 00 60 00 00
x20=0x000000011cf10d80 points into unknown readable memory: 0x0000600000193b20 | 20 3b 19 00 00 60 00 00
x21=0x000000011cf10f88 points into unknown readable memory: 0x0000000000000000 | 00 00 00 00 00 00 00 00
x22=0x000000011d8bca00 is a thread
x23=0x0000000000000001 is an unknown value
x24=0x000000011cf10f40 is a global jni handle
x25=0x00000001020b95d8: _ZN12StubRoutines17_safefetchN_entryE+0 in /Library/Java/JavaVirtualMachines/jdk-17.0.1.jdk/Contents/Home/lib/server/libjvm.dylib at 0x0000000101528000
x26=0x0000000118518270 is pointing into metadata
x27=0x0 is NULL
x28=0x000000011d8bca00 is a thread


Registers:
 x0=0x000000011cf10f88  x1=0x0000000000000000  x2=0x0000000786bfa1a0  x3=0x0000000000000000
 x4=0x00000000000130a8  x5=0x0000000000000000  x6=0x0000000000000000  x7=0x0000000000000000
 x8=0x00000001280014ec  x9=0x0000000000000000 x10=0x2010000030300000 x11=0x0000000000000007
x12=0x0000000000000000 x13=0x0000600002fa9970 x14=0x0000080000000000 x15=0x000000011b5a9f98
x16=0x0000000198bfb0fc x17=0x0000600002582be0 x18=0x0000000000000000 x19=0x0000600002a88690
x20=0x000000011cf10d80 x21=0x000000011cf10f88 x22=0x000000011d8bca00 x23=0x0000000000000001
x24=0x000000011cf10f40 x25=0x00000001020b95d8 x26=0x0000000118518270 x27=0x0000000000000000
x28=0x000000011d8bca00  fp=0x000000017284e7f0  lr=0x0000000101cc4fd8  sp=0x000000017284e7b0
pc=0x00000001280014f0 cpsr=0x0000000060001000
Top of Stack: (sp=0x000000017284e7b0)
0x000000017284e7b0:   0000000118518270 0000000000000001
0x000000017284e7c0:   000000017284e9a8 0000600000398c50
0x000000017284e7d0:   0000000000000000 000000011cf10f78
0x000000017284e7e0:   000000011cf10f78 0000600002a88690
0x000000017284e7f0:   000000017284e830 0000000101cc6208
0x000000017284e800:   0000000000000001 000000011cf10f78
0x000000017284e810:   0000000000000000 000000011cf10f78
0x000000017284e820:   0000000000000001 000000011daefc00
0x000000017284e830:   000000017284e860 00000001019e0f30
0x000000017284e840:   0000600000398b70 00000001e2eb930c
0x000000017284e850:   0000000000000000 0000600000398b70
0x000000017284e860:   000000017284e890 000000011b56eb08
0x000000017284e870:   6530f38a0cf600d5 0000000000000000
0x000000017284e880:   0000000000000000 0000600001499dc0
0x000000017284e890:   000000017284e8d0 0000000199bd0318
0x000000017284e8a0:   000000017284e9a8 0000600000398c50
0x000000017284e8b0:   0000600000398b70 6530f38a0cf600d5
0x000000017284e8c0:   0000000000000000 0000000000000000
0x000000017284e8d0:   000000017284e910 e667800199b9c8ac
0x000000017284e8e0:   000000017284e9a8 00000001280087c0
0x000000017284e8f0:   0000000000000000 00000001020c0f90
0x000000017284e900:   000000017284e920 0000000128007730
0x000000017284e910:   000000017284e980 d14f8001280098ac
0x000000017284e920:   000000011851a890 0000000000000001
0x000000017284e930:   000000017284e930 0000000000000000
0x000000017284e940:   000000017284e9a8 0000000118518270
0x000000017284e950:   0000000786840f10 0000000000000000
0x000000017284e960:   0000000000000000 00000001184f7138
0x000000017284e970:   0000000000000000 000000017284e980
0x000000017284e980:   000000017284ea00 0000000128005fc8
0x000000017284e990:   0000000000000000 0000000000000000
0x000000017284e9a0:   0000000786bfa1a0 0000000786840f88 

Instructions: (pc=0x00000001280014f0)
0x00000001280013f0:   f2a04109 f2c00029 6d425935 1e640886
0x0000000128001400:   0c402d31 1e6408c7 1f5654d0 1e6c1017
0x0000000128001410:   1f5050d0 1f504cd0 1f5048d0 1e650af6
0x0000000128001420:   1f50d8f6 1f5694d6 1f5158f6 1e762880
0x0000000128001430:   36000501 1e614000 14000026 2e251ca5
0x0000000128001440:   d28c3009 f2a04109 f2c00029 6d425d36
0x0000000128001450:   1e600806 0c402d32 1f5758c7 1e6c101a
0x0000000128001460:   1f4754c7 1e650805 1f4750c7 d2866668
0x0000000128001470:   f2a7fa68 1f474cc7 1e6608c0 1f4748c7
0x0000000128001480:   1e6e1019 eb08007f 540000ac 1f479400
0x0000000128001490:   1f460340 1e603b20 1400000e d2a7fd29
0x00000001280014a0:   eb09007f 540000ac 51480069 d3607d29
0x00000001280014b0:   9e670121 14000002 1e6a5001 1f679417
0x00000001280014c0:   1f668742 1e613b23 1e773857 1e773860
0x00000001280014d0:   a8c17ff3 910003bf a8c17bfd d65f03c0
0x00000001280014e0:   b9400001 aa0103e0 d65f03c0 f9400001
0x00000001280014f0:   aa0103e0 d65f03c0 00000000 00000000
0x0000000128001500:   00000000 00000000 00000000 00000000
0x0000000128001510:   00000000 00000000 00000000 00000000
0x0000000128001520:   00000000 00000000 00000000 00000000
0x0000000128001530:   00000000 00000000 00000000 00000000
0x0000000128001540:   00000000 00000000 00000000 00000000
0x0000000128001550:   00000000 00000000 00000000 00000000
0x0000000128001560:   00000000 00000000 00000000 00000000
0x0000000128001570:   00000000 00000000 00000000 00000000
0x0000000128001580:   00000000 00000000 00000000 00000000
0x0000000128001590:   00000000 00000000 00000000 00000000
0x00000001280015a0:   00000000 00000000 00000000 00000000
0x00000001280015b0:   00000000 00000000 00000000 00000000
0x00000001280015c0:   00000000 00000000 00000000 00000000
0x00000001280015d0:   00000000 00000000 00000000 00000000
0x00000001280015e0:   00000000 00000000 00000000 00000000 


Stack slot to memory mapping:
stack at sp + 0 slots: 0x0000000118518270 is pointing into metadata
stack at sp + 1 slots: 0x0000000000000001 is an unknown value
stack at sp + 2 slots: 0x000000017284e9a8 is pointing into the stack for thread: 0x000000011d8bca00
stack at sp + 3 slots: 0x0000600000398c50 points into unknown readable memory: 0x01000001f15ca031 | 31 a0 5c f1 01 00 00 01
stack at sp + 4 slots: 0x0 is NULL
stack at sp + 5 slots: 0x000000011cf10f78 is a global jni handle
stack at sp + 6 slots: 0x000000011cf10f78 is a global jni handle
stack at sp + 7 slots: 0x0000600002a88690 points into unknown readable memory: 0x00006000003893d0 | d0 93 38 00 00 60 00 00

StubRoutines::SafeFetchN [0x00000001280014ec, 0x00000001280014f8] (12 bytes)
[MachCode]
  0x00000001280014ec: 0100 40f9 | e003 01aa | c003 5fd6 
[/MachCode]

---------------  P R O C E S S  ---------------

Threads class SMR info:
_java_thread_list=0x00006000001aca20, length=20, elements={
0x000000011d808800, 0x000000011d8bba00, 0x000000011d8be200, 0x000000011d8c5200,
0x000000011d8c6200, 0x000000011d8c6800, 0x000000011d8c9400, 0x000000011d8c9a00,
0x000000011d8ca000, 0x000000011f057000, 0x000000011f058e00, 0x000000011f058600,
0x000000011d808e00, 0x000000011d8bca00, 0x000000011daefc00, 0x000000011e07b200,
0x000000011f1a1e00, 0x000000011db56600, 0x000000011db5d400, 0x0000000119010800
}

Java Threads: ( => current thread )
  0x000000011d808800 JavaThread "main" [_thread_blocked, id=9731, stack(0x000000016fc44000,0x000000016fe47000)]
  0x000000011d8bba00 JavaThread "Reference Handler" daemon [_thread_blocked, id=16643, stack(0x0000000170a98000,0x0000000170c9b000)]
  0x000000011d8be200 JavaThread "Finalizer" daemon [_thread_blocked, id=17923, stack(0x0000000170ca4000,0x0000000170ea7000)]
  0x000000011d8c5200 JavaThread "Signal Dispatcher" daemon [_thread_blocked, id=42499, stack(0x0000000170fc8000,0x00000001711cb000)]
  0x000000011d8c6200 JavaThread "Service Thread" daemon [_thread_blocked, id=23299, stack(0x00000001711d4000,0x00000001713d7000)]
  0x000000011d8c6800 JavaThread "Monitor Deflation Thread" daemon [_thread_blocked, id=23811, stack(0x00000001713e0000,0x00000001715e3000)]
  0x000000011d8c9400 JavaThread "C2 CompilerThread0" daemon [_thread_blocked, id=24323, stack(0x00000001715ec000,0x00000001717ef000)]
  0x000000011d8c9a00 JavaThread "C1 CompilerThread0" daemon [_thread_blocked, id=24579, stack(0x00000001717f8000,0x00000001719fb000)]
  0x000000011d8ca000 JavaThread "Sweeper thread" daemon [_thread_blocked, id=25091, stack(0x0000000171a04000,0x0000000171c07000)]
  0x000000011f057000 JavaThread "Common-Cleaner" daemon [_thread_blocked, id=41987, stack(0x0000000171c10000,0x0000000171e13000)]
  0x000000011f058e00 JavaThread "Monitor Ctrl-Break" daemon [_thread_in_native, id=25859, stack(0x0000000171e1c000,0x000000017201f000)]
  0x000000011f058600 JavaThread "Notification Thread" daemon [_thread_blocked, id=26115, stack(0x0000000172028000,0x000000017222b000)]
  0x000000011d808e00 JavaThread "QuantumRenderer-0" daemon [_thread_blocked, id=40963, stack(0x0000000172440000,0x0000000172643000)]
=>0x000000011d8bca00 JavaThread "InvokeLaterDispatcher" daemon [_thread_in_native, id=36355, stack(0x000000017264c000,0x000000017284f000)]
  0x000000011daefc00 JavaThread "JavaFX Application Thread" [_thread_in_native, id=259, stack(0x000000016f3bc000,0x000000016fbb8000)]
  0x000000011e07b200 JavaThread "PulseTimer-CVDisplayLink thread" daemon [_thread_in_native, id=77571, stack(0x0000000172858000,0x00000001728db000)]
  0x000000011f1a1e00 JavaThread "JavaFX-Launcher" [_thread_blocked, id=73987, stack(0x0000000172b7c000,0x0000000172d7f000)]
  0x000000011db56600 JavaThread "Prism Font Disposer" daemon [_thread_blocked, id=83219, stack(0x0000000178024000,0x0000000178227000)]
  0x000000011db5d400 JavaThread "Cleaner-0" daemon [_thread_blocked, id=68363, stack(0x0000000178230000,0x0000000178433000)]
  0x0000000119010800 JavaThread "Attach Listener" daemon [_thread_blocked, id=1315, stack(0x0000000179bf8000,0x0000000179dfb000)]

Other Threads:
  0x000000011cf0db10 VMThread "VM Thread" [stack: 0x000000017088c000,0x0000000170a8f000] [id=16131]
  0x000000011e90adf0 WatcherThread [stack: 0x0000000172234000,0x0000000172437000] [id=41219]
  0x000000011cf06880 GCTaskThread "GC Thread#0" [stack: 0x000000016fe50000,0x0000000170053000] [id=12547]
  0x000000011cf35ed0 GCTaskThread "GC Thread#1" [stack: 0x0000000172d88000,0x0000000172f8b000] [id=55555]
  0x000000011cf36180 GCTaskThread "GC Thread#2" [stack: 0x0000000172f94000,0x0000000173197000] [id=70147]
  0x000000011cf36600 GCTaskThread "GC Thread#3" [stack: 0x00000001731a0000,0x00000001733a3000] [id=56067]
  0x000000011cf36a80 GCTaskThread "GC Thread#4" [stack: 0x00000001733ac000,0x00000001735af000] [id=69635]
  0x000000011cf372f0 GCTaskThread "GC Thread#5" [stack: 0x00000001735b8000,0x00000001737bb000] [id=56323]
  0x000000011cf06f30 ConcurrentGCThread "G1 Main Marker" [stack: 0x000000017005c000,0x000000017025f000] [id=13059]
  0x000000011cf077b0 ConcurrentGCThread "G1 Conc#0" [stack: 0x0000000170268000,0x000000017046b000] [id=19459]
  0x000000011cf09620 ConcurrentGCThread "G1 Refine#0" [stack: 0x0000000170474000,0x0000000170677000] [id=13827]
  0x000000011cf09ec0 ConcurrentGCThread "G1 Service" [stack: 0x0000000170680000,0x0000000170883000] [id=18691]

Threads with active compile tasks:

VM state: not at safepoint (normal execution)

VM Mutex/Monitor currently owned by a thread: None

Heap address: 0x0000000780000000, size: 2048 MB, Compressed Oops mode: Zero based, Oop shift amount: 3

CDS archive(s) mapped at: [0x0000000800000000-0x0000000800bd4000-0x0000000800bd4000), size 12402688, SharedBaseAddress: 0x0000000800000000, ArchiveRelocationMode: 0.
Compressed class space mapped at: 0x0000000800c00000-0x0000000840c00000, reserved size: 1073741824
Narrow klass base: 0x0000000800000000, Narrow klass shift: 0, Narrow klass range: 0x100000000

GC Precious Log:
 CPUs: 8 total, 8 available
 Memory: 8192M
 Large Page Support: Disabled
 NUMA Support: Disabled
 Compressed Oops: Enabled (Zero based)
 Heap Region Size: 1M
 Heap Min Capacity: 8M
 Heap Initial Capacity: 128M
 Heap Max Capacity: 2G
 Pre-touch: Disabled
 Parallel Workers: 8
 Concurrent Workers: 2
 Concurrent Refinement Workers: 8
 Periodic GC: Disabled

Heap:
 garbage-first heap   total 133120K, used 33612K [0x0000000780000000, 0x0000000800000000)
  region size 1024K, 30 young (30720K), 3 survivors (3072K)
 Metaspace       used 14360K, committed 14592K, reserved 1064960K
  class space    used 2103K, committed 2240K, reserved 1048576K

Heap Regions: E=young(eden), S=young(survivor), O=old, HS=humongous(starts), HC=humongous(continues), CS=collection set, F=free, OA=open archive, CA=closed archive, TAMS=top-at-mark-start (previous, next)
|   0|0x0000000780000000, 0x00000007800db200, 0x0000000780100000| 85%| O|  |TAMS 0x0000000780000000, 0x0000000780000000| Untracked 
|   1|0x0000000780100000, 0x0000000780200000, 0x0000000780200000|100%|HS|  |TAMS 0x0000000780100000, 0x0000000780100000| Complete 
|   2|0x0000000780200000, 0x0000000780300000, 0x0000000780300000|100%|HC|  |TAMS 0x0000000780200000, 0x0000000780200000| Complete 
|   3|0x0000000780300000, 0x0000000780300000, 0x0000000780400000|  0%| F|  |TAMS 0x0000000780300000, 0x0000000780300000| Untracked 
|   4|0x0000000780400000, 0x0000000780400000, 0x0000000780500000|  0%| F|  |TAMS 0x0000000780400000, 0x0000000780400000| Untracked 
|   5|0x0000000780500000, 0x0000000780500000, 0x0000000780600000|  0%| F|  |TAMS 0x0000000780500000, 0x0000000780500000| Untracked 
|   6|0x0000000780600000, 0x0000000780600000, 0x0000000780700000|  0%| F|  |TAMS 0x0000000780600000, 0x0000000780600000| Untracked 
|   7|0x0000000780700000, 0x0000000780700000, 0x0000000780800000|  0%| F|  |TAMS 0x0000000780700000, 0x0000000780700000| Untracked 
|   8|0x0000000780800000, 0x0000000780800000, 0x0000000780900000|  0%| F|  |TAMS 0x0000000780800000, 0x0000000780800000| Untracked 
|   9|0x0000000780900000, 0x0000000780900000, 0x0000000780a00000|  0%| F|  |TAMS 0x0000000780900000, 0x0000000780900000| Untracked 
|  10|0x0000000780a00000, 0x0000000780a00000, 0x0000000780b00000|  0%| F|  |TAMS 0x0000000780a00000, 0x0000000780a00000| Untracked 
|  11|0x0000000780b00000, 0x0000000780b00000, 0x0000000780c00000|  0%| F|  |TAMS 0x0000000780b00000, 0x0000000780b00000| Untracked 
|  12|0x0000000780c00000, 0x0000000780c00000, 0x0000000780d00000|  0%| F|  |TAMS 0x0000000780c00000, 0x0000000780c00000| Untracked 
|  13|0x0000000780d00000, 0x0000000780d00000, 0x0000000780e00000|  0%| F|  |TAMS 0x0000000780d00000, 0x0000000780d00000| Untracked 
|  14|0x0000000780e00000, 0x0000000780e00000, 0x0000000780f00000|  0%| F|  |TAMS 0x0000000780e00000, 0x0000000780e00000| Untracked 
|  15|0x0000000780f00000, 0x0000000780f00000, 0x0000000781000000|  0%| F|  |TAMS 0x0000000780f00000, 0x0000000780f00000| Untracked 
|  16|0x0000000781000000, 0x0000000781000000, 0x0000000781100000|  0%| F|  |TAMS 0x0000000781000000, 0x0000000781000000| Untracked 
|  17|0x0000000781100000, 0x0000000781100000, 0x0000000781200000|  0%| F|  |TAMS 0x0000000781100000, 0x0000000781100000| Untracked 
|  18|0x0000000781200000, 0x0000000781200000, 0x0000000781300000|  0%| F|  |TAMS 0x0000000781200000, 0x0000000781200000| Untracked 
|  19|0x0000000781300000, 0x0000000781300000, 0x0000000781400000|  0%| F|  |TAMS 0x0000000781300000, 0x0000000781300000| Untracked 
|  20|0x0000000781400000, 0x0000000781400000, 0x0000000781500000|  0%| F|  |TAMS 0x0000000781400000, 0x0000000781400000| Untracked 
|  21|0x0000000781500000, 0x0000000781500000, 0x0000000781600000|  0%| F|  |TAMS 0x0000000781500000, 0x0000000781500000| Untracked 
|  22|0x0000000781600000, 0x0000000781600000, 0x0000000781700000|  0%| F|  |TAMS 0x0000000781600000, 0x0000000781600000| Untracked 
|  23|0x0000000781700000, 0x0000000781700000, 0x0000000781800000|  0%| F|  |TAMS 0x0000000781700000, 0x0000000781700000| Untracked 
|  24|0x0000000781800000, 0x0000000781800000, 0x0000000781900000|  0%| F|  |TAMS 0x0000000781800000, 0x0000000781800000| Untracked 
|  25|0x0000000781900000, 0x0000000781900000, 0x0000000781a00000|  0%| F|  |TAMS 0x0000000781900000, 0x0000000781900000| Untracked 
|  26|0x0000000781a00000, 0x0000000781a00000, 0x0000000781b00000|  0%| F|  |TAMS 0x0000000781a00000, 0x0000000781a00000| Untracked 
|  27|0x0000000781b00000, 0x0000000781b00000, 0x0000000781c00000|  0%| F|  |TAMS 0x0000000781b00000, 0x0000000781b00000| Untracked 
|  28|0x0000000781c00000, 0x0000000781c00000, 0x0000000781d00000|  0%| F|  |TAMS 0x0000000781c00000, 0x0000000781c00000| Untracked 
|  29|0x0000000781d00000, 0x0000000781d00000, 0x0000000781e00000|  0%| F|  |TAMS 0x0000000781d00000, 0x0000000781d00000| Untracked 
|  30|0x0000000781e00000, 0x0000000781e00000, 0x0000000781f00000|  0%| F|  |TAMS 0x0000000781e00000, 0x0000000781e00000| Untracked 
|  31|0x0000000781f00000, 0x0000000781f00000, 0x0000000782000000|  0%| F|  |TAMS 0x0000000781f00000, 0x0000000781f00000| Untracked 
|  32|0x0000000782000000, 0x0000000782000000, 0x0000000782100000|  0%| F|  |TAMS 0x0000000782000000, 0x0000000782000000| Untracked 
|  33|0x0000000782100000, 0x0000000782100000, 0x0000000782200000|  0%| F|  |TAMS 0x0000000782100000, 0x0000000782100000| Untracked 
|  34|0x0000000782200000, 0x0000000782200000, 0x0000000782300000|  0%| F|  |TAMS 0x0000000782200000, 0x0000000782200000| Untracked 
|  35|0x0000000782300000, 0x0000000782300000, 0x0000000782400000|  0%| F|  |TAMS 0x0000000782300000, 0x0000000782300000| Untracked 
|  36|0x0000000782400000, 0x0000000782400000, 0x0000000782500000|  0%| F|  |TAMS 0x0000000782400000, 0x0000000782400000| Untracked 
|  37|0x0000000782500000, 0x0000000782500000, 0x0000000782600000|  0%| F|  |TAMS 0x0000000782500000, 0x0000000782500000| Untracked 
|  38|0x0000000782600000, 0x0000000782600000, 0x0000000782700000|  0%| F|  |TAMS 0x0000000782600000, 0x0000000782600000| Untracked 
|  39|0x0000000782700000, 0x0000000782700000, 0x0000000782800000|  0%| F|  |TAMS 0x0000000782700000, 0x0000000782700000| Untracked 
|  40|0x0000000782800000, 0x0000000782800000, 0x0000000782900000|  0%| F|  |TAMS 0x0000000782800000, 0x0000000782800000| Untracked 
|  41|0x0000000782900000, 0x0000000782900000, 0x0000000782a00000|  0%| F|  |TAMS 0x0000000782900000, 0x0000000782900000| Untracked 
|  42|0x0000000782a00000, 0x0000000782a00000, 0x0000000782b00000|  0%| F|  |TAMS 0x0000000782a00000, 0x0000000782a00000| Untracked 
|  43|0x0000000782b00000, 0x0000000782b00000, 0x0000000782c00000|  0%| F|  |TAMS 0x0000000782b00000, 0x0000000782b00000| Untracked 
|  44|0x0000000782c00000, 0x0000000782c00000, 0x0000000782d00000|  0%| F|  |TAMS 0x0000000782c00000, 0x0000000782c00000| Untracked 
|  45|0x0000000782d00000, 0x0000000782d00000, 0x0000000782e00000|  0%| F|  |TAMS 0x0000000782d00000, 0x0000000782d00000| Untracked 
|  46|0x0000000782e00000, 0x0000000782e00000, 0x0000000782f00000|  0%| F|  |TAMS 0x0000000782e00000, 0x0000000782e00000| Untracked 
|  47|0x0000000782f00000, 0x0000000782f00000, 0x0000000783000000|  0%| F|  |TAMS 0x0000000782f00000, 0x0000000782f00000| Untracked 
|  48|0x0000000783000000, 0x0000000783000000, 0x0000000783100000|  0%| F|  |TAMS 0x0000000783000000, 0x0000000783000000| Untracked 
|  49|0x0000000783100000, 0x0000000783100000, 0x0000000783200000|  0%| F|  |TAMS 0x0000000783100000, 0x0000000783100000| Untracked 
|  50|0x0000000783200000, 0x0000000783200000, 0x0000000783300000|  0%| F|  |TAMS 0x0000000783200000, 0x0000000783200000| Untracked 
|  51|0x0000000783300000, 0x0000000783300000, 0x0000000783400000|  0%| F|  |TAMS 0x0000000783300000, 0x0000000783300000| Untracked 
|  52|0x0000000783400000, 0x0000000783400000, 0x0000000783500000|  0%| F|  |TAMS 0x0000000783400000, 0x0000000783400000| Untracked 
|  53|0x0000000783500000, 0x0000000783500000, 0x0000000783600000|  0%| F|  |TAMS 0x0000000783500000, 0x0000000783500000| Untracked 
|  54|0x0000000783600000, 0x0000000783600000, 0x0000000783700000|  0%| F|  |TAMS 0x0000000783600000, 0x0000000783600000| Untracked 
|  55|0x0000000783700000, 0x0000000783700000, 0x0000000783800000|  0%| F|  |TAMS 0x0000000783700000, 0x0000000783700000| Untracked 
|  56|0x0000000783800000, 0x0000000783800000, 0x0000000783900000|  0%| F|  |TAMS 0x0000000783800000, 0x0000000783800000| Untracked 
|  57|0x0000000783900000, 0x0000000783900000, 0x0000000783a00000|  0%| F|  |TAMS 0x0000000783900000, 0x0000000783900000| Untracked 
|  58|0x0000000783a00000, 0x0000000783a00000, 0x0000000783b00000|  0%| F|  |TAMS 0x0000000783a00000, 0x0000000783a00000| Untracked 
|  59|0x0000000783b00000, 0x0000000783b00000, 0x0000000783c00000|  0%| F|  |TAMS 0x0000000783b00000, 0x0000000783b00000| Untracked 
|  60|0x0000000783c00000, 0x0000000783c00000, 0x0000000783d00000|  0%| F|  |TAMS 0x0000000783c00000, 0x0000000783c00000| Untracked 
|  61|0x0000000783d00000, 0x0000000783d00000, 0x0000000783e00000|  0%| F|  |TAMS 0x0000000783d00000, 0x0000000783d00000| Untracked 
|  62|0x0000000783e00000, 0x0000000783e00000, 0x0000000783f00000|  0%| F|  |TAMS 0x0000000783e00000, 0x0000000783e00000| Untracked 
|  63|0x0000000783f00000, 0x0000000783f00000, 0x0000000784000000|  0%| F|  |TAMS 0x0000000783f00000, 0x0000000783f00000| Untracked 
|  64|0x0000000784000000, 0x0000000784000000, 0x0000000784100000|  0%| F|  |TAMS 0x0000000784000000, 0x0000000784000000| Untracked 
|  65|0x0000000784100000, 0x0000000784100000, 0x0000000784200000|  0%| F|  |TAMS 0x0000000784100000, 0x0000000784100000| Untracked 
|  66|0x0000000784200000, 0x0000000784200000, 0x0000000784300000|  0%| F|  |TAMS 0x0000000784200000, 0x0000000784200000| Untracked 
|  67|0x0000000784300000, 0x0000000784300000, 0x0000000784400000|  0%| F|  |TAMS 0x0000000784300000, 0x0000000784300000| Untracked 
|  68|0x0000000784400000, 0x0000000784400000, 0x0000000784500000|  0%| F|  |TAMS 0x0000000784400000, 0x0000000784400000| Untracked 
|  69|0x0000000784500000, 0x0000000784500000, 0x0000000784600000|  0%| F|  |TAMS 0x0000000784500000, 0x0000000784500000| Untracked 
|  70|0x0000000784600000, 0x0000000784600000, 0x0000000784700000|  0%| F|  |TAMS 0x0000000784600000, 0x0000000784600000| Untracked 
|  71|0x0000000784700000, 0x0000000784700000, 0x0000000784800000|  0%| F|  |TAMS 0x0000000784700000, 0x0000000784700000| Untracked 
|  72|0x0000000784800000, 0x0000000784800000, 0x0000000784900000|  0%| F|  |TAMS 0x0000000784800000, 0x0000000784800000| Untracked 
|  73|0x0000000784900000, 0x0000000784900000, 0x0000000784a00000|  0%| F|  |TAMS 0x0000000784900000, 0x0000000784900000| Untracked 
|  74|0x0000000784a00000, 0x0000000784a00000, 0x0000000784b00000|  0%| F|  |TAMS 0x0000000784a00000, 0x0000000784a00000| Untracked 
|  75|0x0000000784b00000, 0x0000000784b00000, 0x0000000784c00000|  0%| F|  |TAMS 0x0000000784b00000, 0x0000000784b00000| Untracked 
|  76|0x0000000784c00000, 0x0000000784c00000, 0x0000000784d00000|  0%| F|  |TAMS 0x0000000784c00000, 0x0000000784c00000| Untracked 
|  77|0x0000000784d00000, 0x0000000784d00000, 0x0000000784e00000|  0%| F|  |TAMS 0x0000000784d00000, 0x0000000784d00000| Untracked 
|  78|0x0000000784e00000, 0x0000000784e00000, 0x0000000784f00000|  0%| F|  |TAMS 0x0000000784e00000, 0x0000000784e00000| Untracked 
|  79|0x0000000784f00000, 0x0000000784f00000, 0x0000000785000000|  0%| F|  |TAMS 0x0000000784f00000, 0x0000000784f00000| Untracked 
|  80|0x0000000785000000, 0x0000000785000000, 0x0000000785100000|  0%| F|  |TAMS 0x0000000785000000, 0x0000000785000000| Untracked 
|  81|0x0000000785100000, 0x0000000785100000, 0x0000000785200000|  0%| F|  |TAMS 0x0000000785100000, 0x0000000785100000| Untracked 
|  82|0x0000000785200000, 0x0000000785200000, 0x0000000785300000|  0%| F|  |TAMS 0x0000000785200000, 0x0000000785200000| Untracked 
|  83|0x0000000785300000, 0x0000000785300000, 0x0000000785400000|  0%| F|  |TAMS 0x0000000785300000, 0x0000000785300000| Untracked 
|  84|0x0000000785400000, 0x0000000785400000, 0x0000000785500000|  0%| F|  |TAMS 0x0000000785400000, 0x0000000785400000| Untracked 
|  85|0x0000000785500000, 0x0000000785500000, 0x0000000785600000|  0%| F|  |TAMS 0x0000000785500000, 0x0000000785500000| Untracked 
|  86|0x0000000785600000, 0x0000000785600000, 0x0000000785700000|  0%| F|  |TAMS 0x0000000785600000, 0x0000000785600000| Untracked 
|  87|0x0000000785700000, 0x0000000785700000, 0x0000000785800000|  0%| F|  |TAMS 0x0000000785700000, 0x0000000785700000| Untracked 
|  88|0x0000000785800000, 0x0000000785800000, 0x0000000785900000|  0%| F|  |TAMS 0x0000000785800000, 0x0000000785800000| Untracked 
|  89|0x0000000785900000, 0x0000000785900000, 0x0000000785a00000|  0%| F|  |TAMS 0x0000000785900000, 0x0000000785900000| Untracked 
|  90|0x0000000785a00000, 0x0000000785a00000, 0x0000000785b00000|  0%| F|  |TAMS 0x0000000785a00000, 0x0000000785a00000| Untracked 
|  91|0x0000000785b00000, 0x0000000785b00000, 0x0000000785c00000|  0%| F|  |TAMS 0x0000000785b00000, 0x0000000785b00000| Untracked 
|  92|0x0000000785c00000, 0x0000000785c00000, 0x0000000785d00000|  0%| F|  |TAMS 0x0000000785c00000, 0x0000000785c00000| Untracked 
|  93|0x0000000785d00000, 0x0000000785d00000, 0x0000000785e00000|  0%| F|  |TAMS 0x0000000785d00000, 0x0000000785d00000| Untracked 
|  94|0x0000000785e00000, 0x0000000785e00000, 0x0000000785f00000|  0%| F|  |TAMS 0x0000000785e00000, 0x0000000785e00000| Untracked 
|  95|0x0000000785f00000, 0x0000000785f00000, 0x0000000786000000|  0%| F|  |TAMS 0x0000000785f00000, 0x0000000785f00000| Untracked 
|  96|0x0000000786000000, 0x0000000786000000, 0x0000000786100000|  0%| F|  |TAMS 0x0000000786000000, 0x0000000786000000| Untracked 
|  97|0x0000000786100000, 0x0000000786100000, 0x0000000786200000|  0%| F|  |TAMS 0x0000000786100000, 0x0000000786100000| Untracked 
|  98|0x0000000786200000, 0x0000000786300000, 0x0000000786300000|100%| E|  |TAMS 0x0000000786200000, 0x0000000786200000| Complete 
|  99|0x0000000786300000, 0x0000000786400000, 0x0000000786400000|100%| E|CS|TAMS 0x0000000786300000, 0x0000000786300000| Complete 
| 100|0x0000000786400000, 0x0000000786500000, 0x0000000786500000|100%| E|CS|TAMS 0x0000000786400000, 0x0000000786400000| Complete 
| 101|0x0000000786500000, 0x0000000786600000, 0x0000000786600000|100%| E|CS|TAMS 0x0000000786500000, 0x0000000786500000| Complete 
| 102|0x0000000786600000, 0x0000000786700000, 0x0000000786700000|100%| S|CS|TAMS 0x0000000786600000, 0x0000000786600000| Complete 
| 103|0x0000000786700000, 0x0000000786800000, 0x0000000786800000|100%| S|CS|TAMS 0x0000000786700000, 0x0000000786700000| Complete 
| 104|0x0000000786800000, 0x0000000786900000, 0x0000000786900000|100%| S|CS|TAMS 0x0000000786800000, 0x0000000786800000| Complete 
| 105|0x0000000786900000, 0x0000000786a00000, 0x0000000786a00000|100%| E|CS|TAMS 0x0000000786900000, 0x0000000786900000| Complete 
| 106|0x0000000786a00000, 0x0000000786b00000, 0x0000000786b00000|100%| E|CS|TAMS 0x0000000786a00000, 0x0000000786a00000| Complete 
| 107|0x0000000786b00000, 0x0000000786c00000, 0x0000000786c00000|100%| E|CS|TAMS 0x0000000786b00000, 0x0000000786b00000| Complete 
| 108|0x0000000786c00000, 0x0000000786d00000, 0x0000000786d00000|100%| E|CS|TAMS 0x0000000786c00000, 0x0000000786c00000| Complete 
| 109|0x0000000786d00000, 0x0000000786e00000, 0x0000000786e00000|100%| E|CS|TAMS 0x0000000786d00000, 0x0000000786d00000| Complete 
| 110|0x0000000786e00000, 0x0000000786f00000, 0x0000000786f00000|100%| E|CS|TAMS 0x0000000786e00000, 0x0000000786e00000| Complete 
| 111|0x0000000786f00000, 0x0000000787000000, 0x0000000787000000|100%| E|CS|TAMS 0x0000000786f00000, 0x0000000786f00000| Complete 
| 112|0x0000000787000000, 0x0000000787100000, 0x0000000787100000|100%| E|CS|TAMS 0x0000000787000000, 0x0000000787000000| Complete 
| 113|0x0000000787100000, 0x0000000787200000, 0x0000000787200000|100%| E|CS|TAMS 0x0000000787100000, 0x0000000787100000| Complete 
| 114|0x0000000787200000, 0x0000000787300000, 0x0000000787300000|100%| E|CS|TAMS 0x0000000787200000, 0x0000000787200000| Complete 
| 115|0x0000000787300000, 0x0000000787400000, 0x0000000787400000|100%| E|CS|TAMS 0x0000000787300000, 0x0000000787300000| Complete 
| 116|0x0000000787400000, 0x0000000787500000, 0x0000000787500000|100%| E|CS|TAMS 0x0000000787400000, 0x0000000787400000| Complete 
| 117|0x0000000787500000, 0x0000000787600000, 0x0000000787600000|100%| E|CS|TAMS 0x0000000787500000, 0x0000000787500000| Complete 
| 118|0x0000000787600000, 0x0000000787700000, 0x0000000787700000|100%| E|CS|TAMS 0x0000000787600000, 0x0000000787600000| Complete 
| 119|0x0000000787700000, 0x0000000787800000, 0x0000000787800000|100%| E|CS|TAMS 0x0000000787700000, 0x0000000787700000| Complete 
| 120|0x0000000787800000, 0x0000000787900000, 0x0000000787900000|100%| E|CS|TAMS 0x0000000787800000, 0x0000000787800000| Complete 
| 121|0x0000000787900000, 0x0000000787a00000, 0x0000000787a00000|100%| E|CS|TAMS 0x0000000787900000, 0x0000000787900000| Complete 
| 122|0x0000000787a00000, 0x0000000787b00000, 0x0000000787b00000|100%| E|CS|TAMS 0x0000000787a00000, 0x0000000787a00000| Complete 
| 123|0x0000000787b00000, 0x0000000787c00000, 0x0000000787c00000|100%| E|CS|TAMS 0x0000000787b00000, 0x0000000787b00000| Complete 
| 124|0x0000000787c00000, 0x0000000787d00000, 0x0000000787d00000|100%| E|CS|TAMS 0x0000000787c00000, 0x0000000787c00000| Complete 
| 125|0x0000000787d00000, 0x0000000787e00000, 0x0000000787e00000|100%| E|CS|TAMS 0x0000000787d00000, 0x0000000787d00000| Complete 
| 126|0x0000000787e00000, 0x0000000787f00000, 0x0000000787f00000|100%| E|CS|TAMS 0x0000000787e00000, 0x0000000787e00000| Complete 
| 127|0x0000000787f00000, 0x0000000788000000, 0x0000000788000000|100%| E|CS|TAMS 0x0000000787f00000, 0x0000000787f00000| Complete 
|2046|0x00000007ffe00000, 0x00000007ffe78000, 0x00000007fff00000| 46%|OA|  |TAMS 0x00000007ffe00000, 0x00000007ffe00000| Untracked 
|2047|0x00000007fff00000, 0x00000007fff80000, 0x0000000800000000| 50%|CA|  |TAMS 0x00000007fff00000, 0x00000007fff00000| Untracked 

Card table byte_map: [0x0000000100c14000,0x0000000101014000] _byte_map_base: 0x00000000fd014000

Marking Bits (Prev, Next): (CMBitMap*) 0x000000011d82ec10, (CMBitMap*) 0x000000011d82ec50
 Prev Bits: [0x0000000109b8c000, 0x000000010bb8c000)
 Next Bits: [0x000000010bb8c000, 0x000000010db8c000)

Polling page: 0x00000001003cc000

Metaspace:

Usage:
  Non-class:     11.97 MB used.
      Class:      2.05 MB used.
       Both:     14.02 MB used.

Virtual space:
  Non-class space:       16.00 MB reserved,      12.06 MB ( 75%) committed,  2 nodes.
      Class space:        1.00 GB reserved,       2.19 MB ( <1%) committed,  1 nodes.
             Both:        1.02 GB reserved,      14.25 MB (  1%) committed. 

Chunk freelists:
   Non-Class:  3.83 MB
       Class:  1.84 MB
        Both:  5.67 MB

MaxMetaspaceSize: unlimited
CompressedClassSpaceSize: 1.00 GB
Initial GC threshold: 21.00 MB
Current GC threshold: 21.00 MB
CDS: on
MetaspaceReclaimPolicy: balanced
 - commit_granule_bytes: 65536.
 - commit_granule_words: 8192.
 - virtual_space_node_default_size: 1048576.
 - enlarge_chunks_in_place: 1.
 - new_chunks_are_fully_committed: 0.
 - uncommit_free_chunks: 1.
 - use_allocation_guard: 0.
 - handle_deallocations: 1.


Internal statistics:

num_allocs_failed_limit: 0.
num_arena_births: 176.
num_arena_deaths: 0.
num_vsnodes_births: 3.
num_vsnodes_deaths: 0.
num_space_committed: 228.
num_space_uncommitted: 0.
num_chunks_returned_to_freelist: 0.
num_chunks_taken_from_freelist: 604.
num_chunk_merges: 0.
num_chunk_splits: 422.
num_chunks_enlarged: 341.
num_purges: 0.
num_inconsistent_stats: 0.

CodeHeap 'non-profiled nmethods': size=120032Kb used=697Kb max_used=697Kb free=119334Kb
 bounds [0x000000012fac8000, 0x000000012fd38000, 0x0000000137000000]
CodeHeap 'profiled nmethods': size=120016Kb used=3820Kb max_used=3820Kb free=116196Kb
 bounds [0x0000000128594000, 0x0000000128954000, 0x000000012fac8000]
CodeHeap 'non-nmethods': size=5712Kb used=1368Kb max_used=1415Kb free=4343Kb
 bounds [0x0000000128000000, 0x0000000128270000, 0x0000000128594000]
 total_blobs=2679 nmethods=1918 adapters=677
 compilation: enabled
              stopped_count=0, restarted_count=0
 full_count=0

Compilation events (20 events):
Event: 5.848 Thread 0x000000011d8c9a00 1962       3       javafx.event.Event::<init> (36 bytes)
Event: 5.848 Thread 0x000000011d8c9a00 nmethod 1962 0x0000000128947910 code [0x0000000128947b00, 0x0000000128947fd8]
Event: 5.848 Thread 0x000000011d8c9a00 1963       3       java.util.EventObject::<init> (24 bytes)
Event: 5.848 Thread 0x000000011d8c9a00 nmethod 1963 0x0000000128948190 code [0x0000000128948340, 0x0000000128948618]
Event: 5.880 Thread 0x000000011d8c9a00 1964       3       javafx.scene.input.MouseEvent::<init> (45 bytes)
Event: 5.880 Thread 0x000000011d8c9a00 nmethod 1964 0x0000000128948710 code [0x00000001289488c0, 0x0000000128948b18]
Event: 5.880 Thread 0x000000011d8c9a00 1965       3       javafx.scene.input.MouseEvent::<init> (208 bytes)
Event: 5.881 Thread 0x000000011d8c9a00 nmethod 1965 0x0000000128948c90 code [0x0000000128948ec0, 0x0000000128949638]
Event: 5.928 Thread 0x000000011d8c9a00 1966       3       javafx.scene.Node::localToScene (17 bytes)
Event: 5.929 Thread 0x000000011d8c9a00 nmethod 1966 0x0000000128949a10 code [0x0000000128949bc0, 0x0000000128949e58]
Event: 5.977 Thread 0x000000011d8c9a00 1968       3       com.sun.javafx.event.CompositeEventDispatcher::dispatchCapturingEvent (35 bytes)
Event: 5.978 Thread 0x000000011d8c9a00 nmethod 1968 0x0000000128949f90 code [0x000000012894a180, 0x000000012894a688]
Event: 5.978 Thread 0x000000011d8c9a00 1967       3       com.sun.javafx.event.BasicEventDispatcher::dispatchEvent (44 bytes)
Event: 5.978 Thread 0x000000011d8c9a00 nmethod 1967 0x000000012894a810 code [0x000000012894aa00, 0x000000012894b038]
Event: 6.121 Thread 0x000000011d8c9a00 1969       1       com.sun.javafx.stage.WindowEventDispatcher::getFirstDispatcher (5 bytes)
Event: 6.122 Thread 0x000000011d8c9a00 nmethod 1969 0x000000012fb75890 code [0x000000012fb75a00, 0x000000012fb75ae8]
Event: 6.129 Thread 0x000000011d8c9a00 1970       1       com.sun.javafx.scene.SceneEventDispatcher::getFirstDispatcher (5 bytes)
Event: 6.129 Thread 0x000000011d8c9a00 nmethod 1970 0x000000012fb75b90 code [0x000000012fb75d00, 0x000000012fb75de8]
Event: 6.136 Thread 0x000000011d8c9a00 1971       3       com.sun.glass.ui.Application::invokeLater (13 bytes)
Event: 6.136 Thread 0x000000011d8c9400 1976       4       jdk.internal.misc.Unsafe::weakCompareAndSetInt (11 bytes)

GC Heap History (2 events):
Event: 0.405 GC heap before
{Heap before GC invocations=0 (full 0):
 garbage-first heap   total 133120K, used 23520K [0x0000000780000000, 0x0000000800000000)
  region size 1024K, 23 young (23552K), 0 survivors (0K)
 Metaspace       used 7832K, committed 8000K, reserved 1056768K
  class space    used 1010K, committed 1088K, reserved 1048576K
}
Event: 0.407 GC heap after
{Heap after GC invocations=1 (full 0):
 garbage-first heap   total 133120K, used 4940K [0x0000000780000000, 0x0000000800000000)
  region size 1024K, 3 young (3072K), 3 survivors (3072K)
 Metaspace       used 7832K, committed 8000K, reserved 1056768K
  class space    used 1010K, committed 1088K, reserved 1048576K
}

Deoptimization events (20 events):
Event: 0.764 Thread 0x000000011d808e00 DEOPT PACKING pc=0x0000000128893eb8 sp=0x0000000172641110
Event: 0.764 Thread 0x000000011d808e00 DEOPT UNPACKING pc=0x000000012803eb7c sp=0x0000000172640da0 mode 0
Event: 0.765 Thread 0x000000011d808e00 DEOPT PACKING pc=0x0000000128893eb8 sp=0x00000001726411e0
Event: 0.765 Thread 0x000000011d808e00 DEOPT UNPACKING pc=0x000000012803eb7c sp=0x0000000172640e70 mode 0
Event: 0.769 Thread 0x000000011d808e00 DEOPT PACKING pc=0x0000000128893eb8 sp=0x00000001726415d0
Event: 0.769 Thread 0x000000011d808e00 DEOPT UNPACKING pc=0x000000012803eb7c sp=0x0000000172641230 mode 0
Event: 0.769 Thread 0x000000011d808e00 DEOPT PACKING pc=0x0000000128893eb8 sp=0x00000001726415d0
Event: 0.769 Thread 0x000000011d808e00 DEOPT UNPACKING pc=0x000000012803eb7c sp=0x0000000172641230 mode 0
Event: 0.769 Thread 0x000000011d808e00 DEOPT PACKING pc=0x0000000128893eb8 sp=0x00000001726415d0
Event: 0.769 Thread 0x000000011d808e00 DEOPT UNPACKING pc=0x000000012803eb7c sp=0x0000000172641230 mode 0
Event: 1.055 Thread 0x0000000119010800 Uncommon trap: trap_request=0xffffff45 fr.pc=0x000000012fb244f4 relative=0x0000000000000e34
Event: 1.055 Thread 0x0000000119010800 Uncommon trap: reason=unstable_if action=reinterpret pc=0x000000012fb244f4 method=java.util.concurrent.ConcurrentHashMap.putVal(Ljava/lang/Object;Ljava/lang/Object;Z)Ljava/lang/Object; @ 148 c2
Event: 1.055 Thread 0x0000000119010800 DEOPT PACKING pc=0x000000012fb244f4 sp=0x0000000179df98e0
Event: 1.055 Thread 0x0000000119010800 DEOPT UNPACKING pc=0x000000012803ed1c sp=0x0000000179df97f0 mode 2
Event: 1.204 Thread 0x000000011d808e00 DEOPT PACKING pc=0x00000001288a53ac sp=0x00000001726416f0
Event: 1.204 Thread 0x000000011d808e00 DEOPT UNPACKING pc=0x000000012803eb7c sp=0x00000001726412f0 mode 0
Event: 5.692 Thread 0x000000011d808e00 Uncommon trap: trap_request=0xffffff45 fr.pc=0x000000012fb4cbb8 relative=0x00000000000005f8
Event: 5.692 Thread 0x000000011d808e00 Uncommon trap: reason=unstable_if action=reinterpret pc=0x000000012fb4cbb8 method=com.sun.marlin.MaskMarlinAlphaConsumer.setAndClearRelativeAlphas([I[IIII)V @ 414 c2
Event: 5.692 Thread 0x000000011d808e00 DEOPT PACKING pc=0x000000012fb4cbb8 sp=0x0000000172641700
Event: 5.692 Thread 0x000000011d808e00 DEOPT UNPACKING pc=0x000000012803ed1c sp=0x0000000172641610 mode 2

Classes unloaded (0 events):
No events

Classes redefined (0 events):
No events

Internal exceptions (20 events):
Event: 0.384 Thread 0x000000011daefc00 Exception <a 'java/lang/NoSuchMethodError'{0x0000000786b95b98}: 'java.lang.Object java.lang.invoke.DirectMethodHandle$Holder.invokeStatic(java.lang.Object, int, java.lang.Object)'> (0x0000000786b95b98) 
thrown [open/src/hotspot/share/interpreter/linkResolver.cpp, line 766]
Event: 0.386 Thread 0x000000011daefc00 Exception <a 'java/lang/ClassNotFoundException'{0x0000000786ba92f0}: sun/util/logging/resources/spi/loggingProvider> (0x0000000786ba92f0) 
thrown [open/src/hotspot/share/classfile/systemDictionary.cpp, line 256]
Event: 0.396 Thread 0x000000011daefc00 Exception <a 'java/lang/NoSuchMethodError'{0x0000000786914580}: 'java.lang.Object java.lang.invoke.DirectMethodHandle$Holder.invokeSpecial(java.lang.Object, java.lang.Object, java.lang.Object, int, java.lang.Object)'> (0x0000000786914580) 
thrown [open/src/hotspot/share/interpreter/linkResolver.cpp, line 766]
Event: 0.439 Thread 0x000000011daefc00 Exception <a 'java/lang/NoSuchMethodError'{0x0000000787bd0788}: 'void java.lang.invoke.DirectMethodHandle$Holder.invokeStaticInit(java.lang.Object, java.lang.Object)'> (0x0000000787bd0788) 
thrown [open/src/hotspot/share/interpreter/linkResolver.cpp, line 766]
Event: 0.441 Thread 0x000000011daefc00 Exception <a 'java/lang/NoSuchMethodError'{0x0000000787a07738}: 'void java.lang.invoke.DirectMethodHandle$Holder.invokeSpecial(java.lang.Object, java.lang.Object, java.lang.Object, java.lang.Object, java.lang.Object)'> (0x0000000787a07738) 
thrown [open/src/hotspot/share/interpreter/linkResolver.cpp, line 766]
Event: 0.468 Thread 0x000000011daefc00 Implicit null exception at 0x000000012fb1b094 to 0x000000012fb1b458
Event: 0.468 Thread 0x000000011daefc00 Implicit null exception at 0x000000012fb19cd4 to 0x000000012fb1a020
Event: 0.468 Thread 0x000000011daefc00 Implicit null exception at 0x000000012fae12d4 to 0x000000012fae1340
Event: 0.588 Thread 0x000000011daefc00 Exception <a 'java/lang/NoSuchMethodError'{0x00000007873b1978}: 'java.lang.Object java.lang.invoke.DirectMethodHandle$Holder.invokeInterface(java.lang.Object, java.lang.Object, java.lang.Object)'> (0x00000007873b1978) 
thrown [open/src/hotspot/share/interpreter/linkResolver.cpp, line 766]
Event: 0.588 Thread 0x000000011daefc00 Exception <a 'java/lang/IncompatibleClassChangeError'{0x00000007873b5300}: Found class java.lang.Object, but interface was expected> (0x00000007873b5300) 
thrown [open/src/hotspot/share/interpreter/linkResolver.cpp, line 833]
Event: 0.612 Thread 0x000000011daefc00 Exception <a 'java/lang/ClassNotFoundException'{0x00000007871afb90}: com/sun/javafx/scene/control/skin/resources/controls> (0x00000007871afb90) 
thrown [open/src/hotspot/share/prims/jni.cpp, line 535]
Event: 0.613 Thread 0x000000011daefc00 Exception <a 'java/lang/ClassNotFoundException'{0x00000007871bdb30}: com/sun/javafx/scene/control/skin/resources/controls_en> (0x00000007871bdb30) 
thrown [open/src/hotspot/share/prims/jni.cpp, line 535]
Event: 0.613 Thread 0x000000011daefc00 Exception <a 'java/lang/ClassNotFoundException'{0x00000007871beac8}: com/sun/javafx/scene/control/skin/resources/controls_en_US> (0x00000007871beac8) 
thrown [open/src/hotspot/share/prims/jni.cpp, line 535]
Event: 0.628 Thread 0x000000011daefc00 Exception <a 'java/lang/NoSuchMethodError'{0x0000000786f79850}: 'void java.lang.invoke.DirectMethodHandle$Holder.invokeSpecial(java.lang.Object, java.lang.Object, java.lang.Object, java.lang.Object, java.lang.Object, java.lang.Object)'> (0x0000000786f79850) 
thrown [open/src/hotspot/share/interpreter/linkResolver.cpp, line 766]
Event: 0.676 Thread 0x000000011daefc00 Exception <a 'java/lang/NoSuchMethodError'{0x0000000786b2ea90}: 'java.lang.Object java.lang.invoke.DirectMethodHandle$Holder.newInvokeSpecial(java.lang.Object, java.lang.Object, int)'> (0x0000000786b2ea90) 
thrown [open/src/hotspot/share/interpreter/linkResolver.cpp, line 766]
Event: 0.709 Thread 0x000000011d808e00 Exception <a 'java/lang/NoSuchMethodError'{0x0000000786a66a00}: 'int java.lang.invoke.DirectMethodHandle$Holder.invokeStaticInit(java.lang.Object, java.lang.Object)'> (0x0000000786a66a00) 
thrown [open/src/hotspot/share/interpreter/linkResolver.cpp, line 766]
Event: 0.720 Thread 0x000000011daefc00 Exception <a 'java/lang/NoSuchMethodError'{0x0000000786b7b5d8}: 'long java.lang.invoke.DirectMethodHandle$Holder.invokeStatic(java.lang.Object, java.lang.Object, java.lang.Object)'> (0x0000000786b7b5d8) 
thrown [open/src/hotspot/share/interpreter/linkResolver.cpp, line 766]
Event: 0.720 Thread 0x000000011daefc00 Exception <a 'java/lang/NoSuchMethodError'{0x0000000786b7ed80}: 'long java.lang.invoke.DirectMethodHandle$Holder.invokeStaticInit(java.lang.Object, java.lang.Object, java.lang.Object)'> (0x0000000786b7ed80) 
thrown [open/src/hotspot/share/interpreter/linkResolver.cpp, line 766]
Event: 0.721 Thread 0x000000011daefc00 Exception <a 'java/lang/NoSuchMethodError'{0x0000000786980b98}: 'java.lang.Object java.lang.invoke.DirectMethodHandle$Holder.newInvokeSpecial(java.lang.Object, java.lang.Object, long)'> (0x0000000786980b98) 
thrown [open/src/hotspot/share/interpreter/linkResolver.cpp, line 766]
Event: 0.721 Thread 0x000000011daefc00 Exception <a 'java/lang/NoSuchMethodError'{0x0000000786984460}: 'java.lang.Object java.lang.invoke.Invokers$Holder.linkToTargetMethod(java.lang.Object, long, java.lang.Object)'> (0x0000000786984460) 
thrown [open/src/hotspot/share/interpreter/linkResolver.cpp, line 766]

VM Operations (20 events):
Event: 0.405 Executing VM operation: G1CollectForAllocation
Event: 0.407 Executing VM operation: G1CollectForAllocation done
Event: 0.418 Executing VM operation: HandshakeAllThreads
Event: 0.418 Executing VM operation: HandshakeAllThreads done
Event: 0.506 Executing VM operation: ICBufferFull
Event: 0.506 Executing VM operation: ICBufferFull done
Event: 0.578 Executing VM operation: HandshakeAllThreads
Event: 0.578 Executing VM operation: HandshakeAllThreads done
Event: 0.716 Executing VM operation: ICBufferFull
Event: 0.716 Executing VM operation: ICBufferFull done
Event: 1.949 Executing VM operation: Cleanup
Event: 1.949 Executing VM operation: Cleanup done
Event: 2.954 Executing VM operation: Cleanup
Event: 2.955 Executing VM operation: Cleanup done
Event: 3.960 Executing VM operation: Cleanup
Event: 3.960 Executing VM operation: Cleanup done
Event: 4.964 Executing VM operation: Cleanup
Event: 4.964 Executing VM operation: Cleanup done
Event: 5.968 Executing VM operation: Cleanup
Event: 5.969 Executing VM operation: Cleanup done

Events (20 events):
Event: 1.054 loading class sun/util/locale/provider/TimeZoneNameProviderImpl done
Event: 1.054 loading class sun/util/cldr/CLDRTimeZoneNameProviderImpl done
Event: 1.054 loading class sun/util/locale/provider/BaseLocaleDataMetaInfo
Event: 1.054 loading class sun/util/locale/provider/BaseLocaleDataMetaInfo done
Event: 1.055 loading class sun/util/resources/cldr/TimeZoneNames
Event: 1.055 loading class sun/util/resources/TimeZoneNamesBundle
Event: 1.056 loading class sun/util/resources/OpenListResourceBundle
Event: 1.056 loading class sun/util/resources/OpenListResourceBundle done
Event: 1.056 loading class sun/util/resources/TimeZoneNamesBundle done
Event: 1.056 loading class sun/util/resources/cldr/TimeZoneNames done
Event: 1.056 loading class sun/util/resources/cldr/TimeZoneNames_en
Event: 1.056 loading class sun/util/resources/cldr/TimeZoneNames_en done
Event: 1.056 loading class sun/util/resources/cldr/TimeZoneNames_en_US
Event: 1.056 loading class sun/util/resources/cldr/TimeZoneNames_en_US done
Event: 2.282 loading class java/util/EnumMap$Values
Event: 2.282 loading class java/util/EnumMap$Values done
Event: 2.282 loading class java/util/EnumMap$ValueIterator
Event: 2.282 loading class java/util/EnumMap$EnumMapIterator
Event: 2.282 loading class java/util/EnumMap$EnumMapIterator done
Event: 2.282 loading class java/util/EnumMap$ValueIterator done


Dynamic libraries:
0x000000010037c000 	/Library/Java/JavaVirtualMachines/jdk-17.0.1.jdk/Contents/Home/lib/libjli.dylib
0x00000001a36a6000 	/usr/lib/libz.1.dylib
0x00000001a375d000 	/usr/lib/libSystem.B.dylib
0x00000001a3757000 	/usr/lib/system/libcache.dylib
0x00000001a3715000 	/usr/lib/system/libcommonCrypto.dylib
0x00000001a373e000 	/usr/lib/system/libcompiler_rt.dylib
0x00000001a3735000 	/usr/lib/system/libcopyfile.dylib
0x0000000198983000 	/usr/lib/system/libcorecrypto.dylib
0x0000000198a38000 	/usr/lib/system/libdispatch.dylib
0x0000000198c06000 	/usr/lib/system/libdyld.dylib
0x00000001a374d000 	/usr/lib/system/libkeymgr.dylib
0x00000001a36f0000 	/usr/lib/system/libmacho.dylib
0x00000001a2de0000 	/usr/lib/system/libquarantine.dylib
0x00000001a374a000 	/usr/lib/system/libremovefile.dylib
0x000000019dd7c000 	/usr/lib/system/libsystem_asl.dylib
0x0000000198925000 	/usr/lib/system/libsystem_blocks.dylib
0x0000000198ac0000 	/usr/lib/system/libsystem_c.dylib
0x00000001a3742000 	/usr/lib/system/libsystem_collections.dylib
0x00000001a2275000 	/usr/lib/system/libsystem_configuration.dylib
0x00000001a14d1000 	/usr/lib/system/libsystem_containermanager.dylib
0x00000001a344d000 	/usr/lib/system/libsystem_coreservices.dylib
0x000000019b336000 	/usr/lib/system/libsystem_darwin.dylib
0x00000001a374e000 	/usr/lib/system/libsystem_dnssd.dylib
0x0000000198abd000 	/usr/lib/system/libsystem_featureflags.dylib
0x0000000198c1b000 	/usr/lib/system/libsystem_info.dylib
0x00000001a36b8000 	/usr/lib/system/libsystem_m.dylib
0x0000000198a0d000 	/usr/lib/system/libsystem_malloc.dylib
0x000000019dd0a000 	/usr/lib/system/libsystem_networkextension.dylib
0x000000019b78f000 	/usr/lib/system/libsystem_notify.dylib
0x00000001a9ab0000 	/usr/lib/system/libsystem_product_info_filter.dylib
0x00000001a227a000 	/usr/lib/system/libsystem_sandbox.dylib
0x00000001a3747000 	/usr/lib/system/libsystem_secinit.dylib
0x0000000198bc1000 	/usr/lib/system/libsystem_kernel.dylib
0x0000000198c13000 	/usr/lib/system/libsystem_platform.dylib
0x0000000198bf9000 	/usr/lib/system/libsystem_pthread.dylib
0x000000019f4dc000 	/usr/lib/system/libsystem_symptoms.dylib
0x0000000198969000 	/usr/lib/system/libsystem_trace.dylib
0x00000001a3722000 	/usr/lib/system/libunwind.dylib
0x0000000198927000 	/usr/lib/system/libxpc.dylib
0x0000000198ba9000 	/usr/lib/libc++abi.dylib
0x0000000198a7f000 	/usr/lib/libobjc.A.dylib
0x00000001a372d000 	/usr/lib/liboah.dylib
0x0000000198b42000 	/usr/lib/libc++.1.dylib
0x00000001af5d6000 	/System/Library/Frameworks/Cocoa.framework/Versions/A/Cocoa
0x000000019b7f0000 	/System/Library/Frameworks/AppKit.framework/Versions/C/AppKit
0x000000019ed03000 	/System/Library/Frameworks/CoreData.framework/Versions/A/CoreData
0x0000000199b4b000 	/System/Library/Frameworks/Foundation.framework/Versions/C/Foundation
0x000000019c6a8000 	/System/Library/PrivateFrameworks/UIFoundation.framework/Versions/A/UIFoundation
0x00000001a97aa000 	/System/Library/PrivateFrameworks/RemoteViewServices.framework/Versions/A/RemoteViewServices
0x00000001a1c1d000 	/System/Library/PrivateFrameworks/XCTTargetBootstrap.framework/Versions/A/XCTTargetBootstrap
0x00000001a549d000 	/System/Library/PrivateFrameworks/InternationalSupport.framework/Versions/A/InternationalSupport
0x00000001a5526000 	/System/Library/PrivateFrameworks/UserActivity.framework/Versions/A/UserActivity
0x00000001a4994000 	/usr/lib/libspindump.dylib
0x000000019c919000 	/System/Library/Frameworks/UniformTypeIdentifiers.framework/Versions/A/UniformTypeIdentifiers
0x00000001a0167000 	/usr/lib/libapp_launch_measurement.dylib
0x000000019f68e000 	/System/Library/PrivateFrameworks/CoreAnalytics.framework/Versions/A/CoreAnalytics
0x00000001a016a000 	/System/Library/PrivateFrameworks/CoreAutoLayout.framework/Versions/A/CoreAutoLayout
0x00000001a150e000 	/System/Library/Frameworks/Metal.framework/Versions/A/Metal
0x00000001a2285000 	/usr/lib/liblangid.dylib
0x00000001a1c22000 	/System/Library/PrivateFrameworks/CoreSVG.framework/Versions/A/CoreSVG
0x000000019ddb0000 	/System/Library/PrivateFrameworks/SkyLight.framework/Versions/A/SkyLight
0x000000019e189000 	/System/Library/Frameworks/CoreGraphics.framework/Versions/A/CoreGraphics
0x00000001a9e76000 	/System/Library/Frameworks/Accelerate.framework/Versions/A/Accelerate
0x00000001a440b000 	/System/Library/PrivateFrameworks/IconServices.framework/Versions/A/IconServices
0x00000001a14f0000 	/System/Library/Frameworks/IOSurface.framework/Versions/A/IOSurface
0x000000019f6bf000 	/usr/lib/libDiagnosticMessagesClient.dylib
0x00000001ad377000 	/System/Library/Frameworks/ApplicationServices.framework/Versions/A/ApplicationServices
0x00000001a1c05000 	/System/Library/PrivateFrameworks/DFRFoundation.framework/Versions/A/DFRFoundation
0x000000019b080000 	/usr/lib/libicucore.A.dylib
0x00000001a634a000 	/System/Library/Frameworks/AudioToolbox.framework/Versions/A/AudioToolbox
0x00000001a54a9000 	/System/Library/PrivateFrameworks/DataDetectorsCore.framework/Versions/A/DataDetectorsCore
0x00000001bbea3000 	/System/Library/PrivateFrameworks/TextInput.framework/Versions/A/TextInput
0x000000019dd25000 	/usr/lib/libMobileGestalt.dylib
0x00000001a18d1000 	/System/Library/Frameworks/Carbon.framework/Versions/A/Frameworks/HIToolbox.framework/Versions/A/HIToolbox
0x000000019fb3f000 	/System/Library/Frameworks/QuartzCore.framework/Versions/A/QuartzCore
0x000000019ad01000 	/System/Library/Frameworks/Security.framework/Versions/A/Security
0x00000001a97ea000 	/System/Library/Frameworks/Carbon.framework/Versions/A/Frameworks/SpeechRecognition.framework/Versions/A/SpeechRecognition
0x000000019febd000 	/System/Library/PrivateFrameworks/CoreUI.framework/Versions/A/CoreUI
0x000000019a5dd000 	/System/Library/Frameworks/CoreAudio.framework/Versions/A/CoreAudio
0x000000019f7b3000 	/System/Library/Frameworks/DiskArbitration.framework/Versions/A/DiskArbitration
0x00000001a4d9e000 	/System/Library/PrivateFrameworks/MultitouchSupport.framework/Versions/A/MultitouchSupport
0x000000019dd23000 	/usr/lib/libenergytrace.dylib
0x000000019b6b8000 	/System/Library/Frameworks/IOKit.framework/Versions/A/IOKit
0x00000001a9bd9000 	/System/Library/Frameworks/CoreServices.framework/Versions/A/CoreServices
0x00000001a00f7000 	/System/Library/PrivateFrameworks/PerformanceAnalysis.framework/Versions/A/PerformanceAnalysis
0x00000001fa2db000 	/System/Library/Frameworks/OpenGL.framework/Versions/A/OpenGL
0x00000001a2cf8000 	/System/Library/PrivateFrameworks/MobileKeyBag.framework/Versions/A/MobileKeyBag
0x000000019e797000 	/System/Library/Frameworks/ColorSync.framework/Versions/A/ColorSync
0x0000000198c48000 	/System/Library/Frameworks/CoreFoundation.framework/Versions/A/CoreFoundation
0x00000001a1ea1000 	/System/Library/Frameworks/CoreImage.framework/Versions/A/CoreImage
0x000000019a401000 	/System/Library/Frameworks/CoreText.framework/Versions/A/CoreText
0x00000001a1c52000 	/System/Library/Frameworks/ImageIO.framework/Versions/A/ImageIO
0x00000001a3763000 	/System/Library/PrivateFrameworks/SoftLinking.framework/Versions/A/SoftLinking
0x00000001a01b5000 	/usr/lib/libxml2.2.dylib
0x00000001a39fc000 	/usr/lib/libcompression.dylib
0x00000001a53f9000 	/System/Library/PrivateFrameworks/TextureIO.framework/Versions/A/TextureIO
0x00000001a4124000 	/usr/lib/libate.dylib
0x00000001a3fe9000 	/usr/lib/liblzma.5.dylib
0x000000019983e000 	/System/Library/Frameworks/SystemConfiguration.framework/Versions/A/SystemConfiguration
0x00000001a375f000 	/usr/lib/libfakelink.dylib
0x000000019d855000 	/System/Library/Frameworks/CFNetwork.framework/Versions/A/CFNetwork
0x00000001a38a5000 	/usr/lib/libarchive.2.dylib
0x00000001a2281000 	/System/Library/PrivateFrameworks/AppleSystemInfo.framework/Versions/A/AppleSystemInfo
0x00000001a2e0b000 	/usr/lib/libbsm.0.dylib
0x000000019cdc2000 	/usr/lib/libnetwork.dylib
0x00000001a36f9000 	/usr/lib/system/libkxld.dylib
0x00000001a2a25000 	/System/Library/PrivateFrameworks/IOMobileFramebuffer.framework/Versions/A/IOMobileFramebuffer
0x0000000217fa4000 	/usr/lib/libCoreEntitlements.dylib
0x00000001a342f000 	/System/Library/PrivateFrameworks/AppleFSCompression.framework/Versions/A/AppleFSCompression
0x00000001a2df3000 	/usr/lib/libcoretls.dylib
0x00000001a4002000 	/usr/lib/libcoretls_cfhelpers.dylib
0x00000001a39f7000 	/usr/lib/libpam.2.dylib
0x000000019f0f3000 	/usr/lib/libsqlite3.dylib
0x00000001a406b000 	/usr/lib/libxar.1.dylib
0x00000001a3440000 	/usr/lib/libbz2.1.0.dylib
0x00000001a3764000 	/usr/lib/libpcap.A.dylib
0x000000019f4d3000 	/usr/lib/libdns_services.dylib
0x00000001a39ca000 	/usr/lib/libapple_nghttp2.dylib
0x00000001a37a1000 	/usr/lib/libiconv.2.dylib
0x00000001a36ef000 	/usr/lib/libcharset.1.dylib
0x00000001a0133000 	/System/Library/Frameworks/CoreServices.framework/Versions/A/Frameworks/FSEvents.framework/Versions/A/FSEvents
0x000000019b341000 	/System/Library/Frameworks/CoreServices.framework/Versions/A/Frameworks/CarbonCore.framework/Versions/A/CarbonCore
0x000000019f713000 	/System/Library/Frameworks/CoreServices.framework/Versions/A/Frameworks/Metadata.framework/Versions/A/Metadata
0x00000001a3453000 	/System/Library/Frameworks/CoreServices.framework/Versions/A/Frameworks/OSServices.framework/Versions/A/OSServices
0x00000001a392b000 	/System/Library/Frameworks/CoreServices.framework/Versions/A/Frameworks/SearchKit.framework/Versions/A/SearchKit
0x000000019f462000 	/System/Library/Frameworks/CoreServices.framework/Versions/A/Frameworks/AE.framework/Versions/A/AE
0x000000019918f000 	/System/Library/Frameworks/CoreServices.framework/Versions/A/Frameworks/LaunchServices.framework/Versions/A/LaunchServices
0x00000001a3f92000 	/System/Library/Frameworks/CoreServices.framework/Versions/A/Frameworks/DictionaryServices.framework/Versions/A/DictionaryServices
0x00000001a0140000 	/System/Library/Frameworks/CoreServices.framework/Versions/A/Frameworks/SharedFileList.framework/Versions/A/SharedFileList
0x00000001a2de3000 	/usr/lib/libCheckFix.dylib
0x000000019dd94000 	/System/Library/PrivateFrameworks/TCC.framework/Versions/A/TCC
0x00000001a2287000 	/System/Library/PrivateFrameworks/CoreNLP.framework/Versions/A/CoreNLP
0x000000019f6c2000 	/System/Library/PrivateFrameworks/MetadataUtilities.framework/Versions/A/MetadataUtilities
0x00000001998f8000 	/usr/lib/libmecabra.dylib
0x00000001a2e1c000 	/usr/lib/libmecab.dylib
0x00000001998c4000 	/usr/lib/libCRFSuite.dylib
0x00000001a2e79000 	/usr/lib/libgermantok.dylib
0x00000001a39a3000 	/usr/lib/libThaiTokenizer.dylib
0x000000019f7bb000 	/System/Library/Frameworks/Accelerate.framework/Versions/A/Frameworks/vImage.framework/Versions/A/vImage
0x00000001a9bb0000 	/System/Library/Frameworks/Accelerate.framework/Versions/A/Frameworks/vecLib.framework/Versions/A/vecLib
0x00000001a40b0000 	/System/Library/Frameworks/Accelerate.framework/Versions/A/Frameworks/vecLib.framework/Versions/A/libvMisc.dylib
0x00000001a292c000 	/System/Library/Frameworks/Accelerate.framework/Versions/A/Frameworks/vecLib.framework/Versions/A/libvDSP.dylib
0x0000000199519000 	/System/Library/Frameworks/Accelerate.framework/Versions/A/Frameworks/vecLib.framework/Versions/A/libBLAS.dylib
0x00000001a3acd000 	/System/Library/Frameworks/Accelerate.framework/Versions/A/Frameworks/vecLib.framework/Versions/A/libLAPACK.dylib
0x00000001a2e7c000 	/System/Library/Frameworks/Accelerate.framework/Versions/A/Frameworks/vecLib.framework/Versions/A/libLinearAlgebra.dylib
0x00000001a39e2000 	/System/Library/Frameworks/Accelerate.framework/Versions/A/Frameworks/vecLib.framework/Versions/A/libSparseBLAS.dylib
0x00000001a3ac8000 	/System/Library/Frameworks/Accelerate.framework/Versions/A/Frameworks/vecLib.framework/Versions/A/libQuadrature.dylib
0x00000001a2380000 	/System/Library/Frameworks/Accelerate.framework/Versions/A/Frameworks/vecLib.framework/Versions/A/libBNNS.dylib
0x00000001997d7000 	/System/Library/Frameworks/Accelerate.framework/Versions/A/Frameworks/vecLib.framework/Versions/A/libSparse.dylib
0x00000001a2378000 	/System/Library/PrivateFrameworks/LinguisticData.framework/Versions/A/LinguisticData
0x000000019978f000 	/System/Library/PrivateFrameworks/Lexicon.framework/Versions/A/Lexicon
0x00000001a40a8000 	/usr/lib/libChineseTokenizer.dylib
0x0000000199f3d000 	/System/Library/PrivateFrameworks/LanguageModeling.framework/Versions/A/LanguageModeling
0x00000001a39a5000 	/System/Library/PrivateFrameworks/AppleSauce.framework/Versions/A/AppleSauce
0x00000001a2a12000 	/System/Library/PrivateFrameworks/CoreEmoji.framework/Versions/A/CoreEmoji
0x00000001a3893000 	/usr/lib/libcmph.dylib
0x00000001a0113000 	/System/Library/Frameworks/OpenDirectory.framework/Versions/A/Frameworks/CFOpenDirectory.framework/Versions/A/CFOpenDirectory
0x00000001a0103000 	/System/Library/Frameworks/OpenDirectory.framework/Versions/A/OpenDirectory
0x00000001a4004000 	/System/Library/PrivateFrameworks/APFS.framework/Versions/A/APFS
0x00000001a2d33000 	/System/Library/Frameworks/SecurityFoundation.framework/Versions/A/SecurityFoundation
0x00000001a407a000 	/usr/lib/libutil.dylib
0x000000019b67a000 	/System/Library/PrivateFrameworks/CoreServicesStore.framework/Versions/A/CoreServicesStore
0x00000001a407e000 	/usr/lib/libxslt.1.dylib
0x00000001a2dc7000 	/System/Library/PrivateFrameworks/BackgroundTaskManagement.framework/Versions/A/BackgroundTaskManagement
0x00000001a531a000 	/System/Library/Frameworks/ImageIO.framework/Versions/A/Resources/libRadiance.dylib
0x00000001a5323000 	/System/Library/Frameworks/ImageIO.framework/Versions/A/Resources/libJPEG.dylib
0x00000001a5276000 	/System/Library/Frameworks/ImageIO.framework/Versions/A/Resources/libPng.dylib
0x00000001a5298000 	/System/Library/Frameworks/ImageIO.framework/Versions/A/Resources/libTIFF.dylib
0x00000001a537e000 	/System/Library/Frameworks/ImageIO.framework/Versions/A/Resources/libGIF.dylib
0x00000001a4cae000 	/System/Library/Frameworks/ImageIO.framework/Versions/A/Resources/libJP2.dylib
0x00000001a43d0000 	/usr/lib/libexpat.1.dylib
0x00000001a4c69000 	/System/Library/PrivateFrameworks/AppleJPEG.framework/Versions/A/AppleJPEG
0x00000001a178d000 	/System/Library/PrivateFrameworks/FontServices.framework/libFontParser.dylib
0x000000019f407000 	/System/Library/PrivateFrameworks/RunningBoardServices.framework/Versions/A/RunningBoardServices
0x00000001afcac000 	/System/Library/PrivateFrameworks/IOSurfaceAccelerator.framework/Versions/A/IOSurfaceAccelerator
0x00000001a4d9a000 	/System/Library/PrivateFrameworks/WatchdogClient.framework/Versions/A/WatchdogClient
0x000000019a03d000 	/System/Library/Frameworks/CoreDisplay.framework/Versions/A/CoreDisplay
0x00000001a1677000 	/System/Library/Frameworks/CoreMedia.framework/Versions/A/CoreMedia
0x00000001a1504000 	/System/Library/PrivateFrameworks/IOAccelerator.framework/Versions/A/IOAccelerator
0x00000001a02a3000 	/System/Library/Frameworks/CoreVideo.framework/Versions/A/CoreVideo
0x00000001a39f5000 	/System/Library/Frameworks/MetalPerformanceShaders.framework/Versions/A/MetalPerformanceShaders
0x00000001a4dd9000 	/System/Library/Frameworks/VideoToolbox.framework/Versions/A/VideoToolbox
0x000000019f34b000 	/System/Library/PrivateFrameworks/BaseBoard.framework/Versions/A/BaseBoard
0x000000019f0d9000 	/System/Library/PrivateFrameworks/ProtocolBuffer.framework/Versions/A/ProtocolBuffer
0x00000001a5315000 	/System/Library/PrivateFrameworks/GPUWrangler.framework/Versions/A/GPUWrangler
0x00000001a52f5000 	/System/Library/PrivateFrameworks/IOPresentment.framework/Versions/A/IOPresentment
0x00000001a531d000 	/System/Library/PrivateFrameworks/DSExternalDisplay.framework/Versions/A/DSExternalDisplay
0x00000001fa2ce000 	/System/Library/Frameworks/OpenGL.framework/Versions/A/Libraries/libCoreFSCache.dylib
0x0000000204a94000 	/System/Library/PrivateFrameworks/GPUCompiler.framework/Versions/31001/Libraries/libGPUCompilerUtils.dylib
0x00000001a5383000 	/System/Library/PrivateFrameworks/CMCaptureCore.framework/Versions/A/CMCaptureCore
0x00000001a4981000 	/System/Library/PrivateFrameworks/AppServerSupport.framework/Versions/A/AppServerSupport
0x00000001a6c07000 	/System/Library/PrivateFrameworks/perfdata.framework/Versions/A/perfdata
0x000000019a15d000 	/System/Library/PrivateFrameworks/AudioToolboxCore.framework/Versions/A/AudioToolboxCore
0x00000001a1650000 	/System/Library/PrivateFrameworks/caulk.framework/Versions/A/caulk
0x00000001a64fc000 	/usr/lib/libAudioStatistics.dylib
0x00000001b84fb000 	/System/Library/PrivateFrameworks/SystemPolicy.framework/Versions/A/SystemPolicy
0x00000001a6768000 	/usr/lib/libSMC.dylib
0x00000001af4b4000 	/System/Library/Frameworks/CoreMIDI.framework/Versions/A/CoreMIDI
0x00000001a5244000 	/usr/lib/libAudioToolboxUtility.dylib
0x00000001b466b000 	/System/Library/PrivateFrameworks/OSAServicesClient.framework/Versions/A/OSAServicesClient
0x00000001a6c14000 	/usr/lib/libperfcheck.dylib
0x00000001b9017000 	/usr/lib/libmis.dylib
0x00000001fa330000 	/System/Library/Frameworks/OpenGL.framework/Versions/A/Libraries/libGLU.dylib
0x00000001fa2ef000 	/System/Library/Frameworks/OpenGL.framework/Versions/A/Libraries/libGFXShared.dylib
0x00000001fa4dc000 	/System/Library/Frameworks/OpenGL.framework/Versions/A/Libraries/libGL.dylib
0x00000001fa2f8000 	/System/Library/Frameworks/OpenGL.framework/Versions/A/Libraries/libGLImage.dylib
0x00000001fa2ec000 	/System/Library/Frameworks/OpenGL.framework/Versions/A/Libraries/libCVMSPluginSupport.dylib
0x00000001fa2d5000 	/System/Library/Frameworks/OpenGL.framework/Versions/A/Libraries/libCoreVMClient.dylib
0x00000001a2201000 	/System/Library/Frameworks/MetalPerformanceShaders.framework/Versions/A/Frameworks/MPSCore.framework/Versions/A/MPSCore
0x00000001a33a2000 	/System/Library/Frameworks/MetalPerformanceShaders.framework/Versions/A/Frameworks/MPSImage.framework/Versions/A/MPSImage
0x00000001a2e91000 	/System/Library/Frameworks/MetalPerformanceShaders.framework/Versions/A/Frameworks/MPSNeuralNetwork.framework/Versions/A/MPSNeuralNetwork
0x00000001a32ca000 	/System/Library/Frameworks/MetalPerformanceShaders.framework/Versions/A/Frameworks/MPSMatrix.framework/Versions/A/MPSMatrix
0x00000001a30a3000 	/System/Library/Frameworks/MetalPerformanceShaders.framework/Versions/A/Frameworks/MPSRayIntersector.framework/Versions/A/MPSRayIntersector
0x00000001a32fb000 	/System/Library/Frameworks/MetalPerformanceShaders.framework/Versions/A/Frameworks/MPSNDArray.framework/Versions/A/MPSNDArray
0x00000001fc6f7000 	/System/Library/Frameworks/MetalPerformanceShaders.framework/Versions/A/Frameworks/MPSFunctions.framework/Versions/A/MPSFunctions
0x00000001993f0000 	/System/Library/PrivateFrameworks/MetalTools.framework/Versions/A/MetalTools
0x00000001a227f000 	/System/Library/PrivateFrameworks/AggregateDictionary.framework/Versions/A/AggregateDictionary
0x00000001a41b5000 	/usr/lib/libIOReport.dylib
0x00000001ae4d1000 	/System/Library/PrivateFrameworks/ASEProcessing.framework/Versions/A/ASEProcessing
0x00000001a452a000 	/System/Library/PrivateFrameworks/FaceCore.framework/Versions/A/FaceCore
0x00000001a451c000 	/System/Library/PrivateFrameworks/GraphVisualizer.framework/Versions/A/GraphVisualizer
0x00000002049ab000 	/System/Library/PrivateFrameworks/FontServices.framework/Versions/A/FontServices
0x00000001a493d000 	/System/Library/PrivateFrameworks/OTSVG.framework/Versions/A/OTSVG
0x000000019fe6d000 	/System/Library/Frameworks/ApplicationServices.framework/Versions/A/Frameworks/ATS.framework/Versions/A/Resources/libFontRegistry.dylib
0x00000001a498a000 	/System/Library/PrivateFrameworks/FontServices.framework/libhvf.dylib
0x00000002049ac000 	/System/Library/PrivateFrameworks/FontServices.framework/libXTFontStaticRegistryData.dylib
0x00000001fa67d000 	/System/Library/Frameworks/OpenCL.framework/Versions/A/OpenCL
0x00000001a4384000 	/System/Library/PrivateFrameworks/AppleVA.framework/Versions/A/AppleVA
0x00000001a6524000 	/System/Library/Frameworks/ApplicationServices.framework/Versions/A/Frameworks/ATS.framework/Versions/A/ATS
0x000000019e896000 	/System/Library/Frameworks/ApplicationServices.framework/Versions/A/Frameworks/HIServices.framework/Versions/A/HIServices
0x00000001a538d000 	/System/Library/Frameworks/ApplicationServices.framework/Versions/A/Frameworks/PrintCore.framework/Versions/A/PrintCore
0x00000001a68bb000 	/System/Library/Frameworks/ApplicationServices.framework/Versions/A/Frameworks/QD.framework/Versions/A/QD
0x00000001a68b3000 	/System/Library/Frameworks/ApplicationServices.framework/Versions/A/Frameworks/ColorSyncLegacy.framework/Versions/A/ColorSyncLegacy
0x00000001a6510000 	/System/Library/Frameworks/ApplicationServices.framework/Versions/A/Frameworks/SpeechSynthesis.framework/Versions/A/SpeechSynthesis
0x00000001a534e000 	/System/Library/Frameworks/ApplicationServices.framework/Versions/A/Frameworks/ATSUI.framework/Versions/A/ATSUI
0x00000001a6848000 	/usr/lib/libcups.2.dylib
0x00000001a6c22000 	/System/Library/Frameworks/Kerberos.framework/Versions/A/Kerberos
0x00000001a6c33000 	/System/Library/Frameworks/GSS.framework/Versions/A/GSS
0x00000001a6594000 	/usr/lib/libresolv.9.dylib
0x00000001a4999000 	/System/Library/PrivateFrameworks/Heimdal.framework/Versions/A/Heimdal
0x00000001ad707000 	/System/Library/Frameworks/Kerberos.framework/Versions/A/Libraries/libHeimdalProxy.dylib
0x000000019f4e5000 	/System/Library/Frameworks/Network.framework/Versions/A/Network
0x00000001a43eb000 	/usr/lib/libheimdal-asn1.dylib
0x00000001a6c83000 	/System/Library/PrivateFrameworks/CommonAuth.framework/Versions/A/CommonAuth
0x00000001a648a000 	/System/Library/PrivateFrameworks/AudioSession.framework/Versions/A/AudioSession
0x00000001a447d000 	/System/Library/PrivateFrameworks/MediaExperience.framework/Versions/A/MediaExperience
0x00000001a6310000 	/System/Library/PrivateFrameworks/AudioSession.framework/libSessionUtility.dylib
0x00000001a68c7000 	/System/Library/PrivateFrameworks/AudioResourceArbitration.framework/Versions/A/AudioResourceArbitration
0x00000001aaa8d000 	/System/Library/PrivateFrameworks/PowerLog.framework/Versions/A/PowerLog
0x00000001a43f5000 	/System/Library/PrivateFrameworks/IconFoundation.framework/Versions/A/IconFoundation
0x00000001a97d6000 	/System/Library/PrivateFrameworks/SpeechRecognitionCore.framework/Versions/A/SpeechRecognitionCore
0x0000000101528000 	/Library/Java/JavaVirtualMachines/jdk-17.0.1.jdk/Contents/Home/lib/server/libjvm.dylib
0x00000001003e0000 	/Library/Java/JavaVirtualMachines/jdk-17.0.1.jdk/Contents/Home/lib/libjimage.dylib
0x000000010040c000 	/Library/Java/JavaVirtualMachines/jdk-17.0.1.jdk/Contents/Home/lib/libinstrument.dylib
0x0000000100458000 	/Library/Java/JavaVirtualMachines/jdk-17.0.1.jdk/Contents/Home/lib/libjava.dylib
0x0000000100534000 	/Library/Java/JavaVirtualMachines/jdk-17.0.1.jdk/Contents/Home/lib/libnio.dylib
0x0000000100554000 	/Library/Java/JavaVirtualMachines/jdk-17.0.1.jdk/Contents/Home/lib/libnet.dylib
0x0000000100440000 	/Library/Java/JavaVirtualMachines/jdk-17.0.1.jdk/Contents/Home/lib/libzip.dylib
0x0000000101414000 	/Users/brandon/.openjfx/cache/17.0.1/libprism_es2.dylib
0x000000019b63d000 	/System/Library/PrivateFrameworks/CoreServicesInternal.framework/Versions/A/CoreServicesInternal
0x00000001fa4e6000 	/System/Library/Frameworks/OpenGL.framework/Versions/A/Resources/GLEngine.bundle/GLEngine
0x00000001fa36e000 	/System/Library/Frameworks/OpenGL.framework/Versions/A/Libraries/libGLProgrammability.dylib
0x000000011b640000 	/System/Library/Extensions/AppleMetalOpenGLRenderer.bundle/Contents/MacOS/AppleMetalOpenGLRenderer
0x00000001fa655000 	/System/Library/Frameworks/OpenGL.framework/Versions/A/Resources/GLRendererFloat.bundle/GLRendererFloat
0x00000001fa755000 	/System/Library/Extensions/AGXMetal13_3.bundle/Contents/MacOS/AGXMetal13_3
0x00000001b9033000 	/System/Library/PrivateFrameworks/GPURawCounter.framework/Versions/A/GPURawCounter
0x00000001b37d4000 	/System/Library/PrivateFrameworks/IOGPU.framework/Versions/A/IOGPU
0x000000011b564000 	/Users/brandon/.openjfx/cache/17.0.1/libglass.dylib
0x00000001aace5000 	/System/Library/Frameworks/FileProvider.framework/Versions/A/FileProvider
0x000000019f2b3000 	/System/Library/Frameworks/Accounts.framework/Versions/A/Accounts
0x00000001aae69000 	/System/Library/PrivateFrameworks/GenerationalStorage.framework/Versions/A/GenerationalStorage
0x00000001aba2c000 	/System/Library/PrivateFrameworks/CoreSymbolication.framework/Versions/A/CoreSymbolication
0x00000001aaa81000 	/System/Library/PrivateFrameworks/SymptomDiagnosticReporter.framework/Versions/A/SymptomDiagnosticReporter
0x000000019c92d000 	/System/Library/PrivateFrameworks/DesktopServicesPriv.framework/Versions/A/DesktopServicesPriv
0x000000019b79f000 	/usr/lib/libsandbox.1.dylib
0x00000001a0331000 	/System/Library/PrivateFrameworks/UserManagement.framework/Versions/A/UserManagement
0x00000001ab9e9000 	/System/Library/PrivateFrameworks/DebugSymbols.framework/Versions/A/DebugSymbols
0x00000001a68a6000 	/System/Library/PrivateFrameworks/NetAuth.framework/Versions/A/NetAuth
0x00000001a77c7000 	/System/Library/PrivateFrameworks/Sharing.framework/Versions/A/Sharing
0x00000001a0301000 	/System/Library/PrivateFrameworks/login.framework/Versions/A/Frameworks/loginsupport.framework/Versions/A/loginsupport
0x00000001acc1e000 	/System/Library/PrivateFrameworks/Apple80211.framework/Versions/A/Apple80211
0x00000001a3486000 	/System/Library/PrivateFrameworks/AuthKit.framework/Versions/A/AuthKit
0x00000001a2b0e000 	/System/Library/PrivateFrameworks/CoreUtils.framework/Versions/A/CoreUtils
0x00000001a2a31000 	/System/Library/Frameworks/CoreWLAN.framework/Versions/A/CoreWLAN
0x00000001a7937000 	/System/Library/Frameworks/IOBluetooth.framework/Versions/A/IOBluetooth
0x00000001acc7e000 	/System/Library/PrivateFrameworks/CoreWiFi.framework/Versions/A/CoreWiFi
0x00000001ab5c9000 	/System/Library/PrivateFrameworks/FrontBoardServices.framework/Versions/A/FrontBoardServices
0x00000001ab661000 	/System/Library/PrivateFrameworks/BoardServices.framework/Versions/A/BoardServices
0x00000001a2d21000 	/System/Library/PrivateFrameworks/AssertionServices.framework/Versions/A/AssertionServices
0x00000001acdfb000 	/System/Library/PrivateFrameworks/BackBoardServices.framework/Versions/A/BackBoardServices
0x00000001a6d1a000 	/System/Library/PrivateFrameworks/CorePhoneNumbers.framework/Versions/A/CorePhoneNumbers
0x00000001a65c1000 	/System/Library/PrivateFrameworks/MultiverseSupport.framework/Versions/A/MultiverseSupport
0x00000001ad07c000 	/System/Library/PrivateFrameworks/RemoteServiceDiscovery.framework/Versions/A/RemoteServiceDiscovery
0x00000001aabb1000 	/System/Library/PrivateFrameworks/DiskManagement.framework/Versions/A/DiskManagement
0x00000001aaab4000 	/System/Library/PrivateFrameworks/AppleIDAuthSupport.framework/Versions/A/AppleIDAuthSupport
0x00000001fef33000 	/System/Library/PrivateFrameworks/AAAFoundation.framework/Versions/A/AAAFoundation
0x00000001a6cf9000 	/System/Library/PrivateFrameworks/KeychainCircle.framework/Versions/A/KeychainCircle
0x00000001ad08c000 	/System/Library/PrivateFrameworks/RemoteXPC.framework/Versions/A/RemoteXPC
0x00000001aab7d000 	/System/Library/PrivateFrameworks/MediaKit.framework/Versions/A/MediaKit
0x00000001aaac1000 	/System/Library/Frameworks/DiscRecording.framework/Versions/A/DiscRecording
0x00000001a4300000 	/usr/lib/libCoreStorage.dylib
0x00000001ad0f8000 	/usr/lib/libcsfde.dylib
0x00000001a7a0c000 	/System/Library/PrivateFrameworks/ProtectedCloudStorage.framework/Versions/A/ProtectedCloudStorage
0x00000001ad0f0000 	/System/Library/PrivateFrameworks/EFILogin.framework/Versions/A/EFILogin
0x00000001aae90000 	/System/Library/PrivateFrameworks/OctagonTrust.framework/Versions/A/OctagonTrust
0x0000000203b32000 	/System/Library/PrivateFrameworks/CoreUtilsExtras.framework/Versions/A/CoreUtilsExtras
0x00000001aa9e6000 	/System/Library/Frameworks/CoreBluetooth.framework/Versions/A/CoreBluetooth
0x00000001ad78c000 	/System/Library/Frameworks/AudioUnit.framework/Versions/A/AudioUnit
0x00000001a42f8000 	/usr/lib/libMatch.1.dylib
0x00000001bd519000 	/System/Library/Frameworks/Accelerate.framework/Versions/A/Frameworks/vImage.framework/Versions/A/Libraries/libCGInterfaces.dylib
0x000000011cde0000 	/usr/lib/libobjc-trampolines.dylib
0x000000019fffb000 	/System/Library/PrivateFrameworks/ViewBridge.framework/Versions/A/ViewBridge
0x00000001a4a5c000 	/System/Library/PrivateFrameworks/login.framework/Versions/A/login
0x00000001a41be000 	/System/Library/PrivateFrameworks/CrashReporterSupport.framework/Versions/A/CrashReporterSupport
0x00000001c4fbc000 	/System/Library/PrivateFrameworks/OSAnalytics.framework/Versions/A/OSAnalytics
0x00000001d0308000 	/System/Library/PrivateFrameworks/Symbolication.framework/Versions/A/Symbolication
0x00000001b8ff4000 	/System/Library/PrivateFrameworks/MallocStackLogging.framework/Versions/A/MallocStackLogging
0x0000000137fe0000 	/Users/brandon/.openjfx/cache/17.0.1/libjavafx_font.dylib
0x0000000218101000 	/usr/lib/libRosetta.dylib


VM Arguments:
jvm_args: -javaagent:/Applications/IntelliJ IDEA CE.app/Contents/lib/idea_rt.jar=61278:/Applications/IntelliJ IDEA CE.app/Contents/bin -Dfile.encoding=UTF-8 --module-path=/Users/brandon/.m2/repository/org/openjfx/javafx-controls/17.0.1/javafx-controls-17.0.1-mac-aarch64.jar:/Users/brandon/.m2/repository/org/openjfx/javafx-graphics/17.0.1/javafx-graphics-17.0.1-mac-aarch64.jar:/Users/brandon/.m2/repository/org/openjfx/javafx-fxml/17.0.1/javafx-fxml-17.0.1-mac-aarch64.jar:/Users/brandon/Desktop/Maint/MaintenanceLog/target/classes:/Users/brandon/.m2/repository/org/openjfx/javafx-base/17.0.1/javafx-base-17.0.1-mac-aarch64.jar -Djdk.module.main=com.brandon.maintenancelog 
java_command: com.brandon.maintenancelog/com.brandon.maintenancelog.HelloApplication
java_class_path (initial): /Users/brandon/.m2/repository/org/openjfx/javafx-controls/17.0.1/javafx-controls-17.0.1.jar:/Users/brandon/.m2/repository/org/openjfx/javafx-graphics/17.0.1/javafx-graphics-17.0.1.jar:/Users/brandon/.m2/repository/org/openjfx/javafx-base/17.0.1/javafx-base-17.0.1.jar:/Users/brandon/.m2/repository/org/openjfx/javafx-fxml/17.0.1/javafx-fxml-17.0.1.jar
Launcher Type: SUN_STANDARD

[Global flags]
     intx CICompilerCount                          = 4                                         {product} {ergonomic}
     uint ConcGCThreads                            = 2                                         {product} {ergonomic}
     uint G1ConcRefinementThreads                  = 8                                         {product} {ergonomic}
   size_t G1HeapRegionSize                         = 1048576                                   {product} {ergonomic}
    uintx GCDrainStackTargetSize                   = 64                                        {product} {ergonomic}
   size_t InitialHeapSize                          = 134217728                                 {product} {ergonomic}
   size_t MarkStackSize                            = 4194304                                   {product} {ergonomic}
   size_t MaxHeapSize                              = 2147483648                                {product} {ergonomic}
   size_t MaxNewSize                               = 1287651328                                {product} {ergonomic}
   size_t MinHeapDeltaBytes                        = 1048576                                   {product} {ergonomic}
   size_t MinHeapSize                              = 8388608                                   {product} {ergonomic}
    uintx NonNMethodCodeHeapSize                   = 5839564                                {pd product} {ergonomic}
    uintx NonProfiledCodeHeapSize                  = 122909338                              {pd product} {ergonomic}
    uintx ProfiledCodeHeapSize                     = 122909338                              {pd product} {ergonomic}
    uintx ReservedCodeCacheSize                    = 251658240                              {pd product} {ergonomic}
     bool SegmentedCodeCache                       = true                                      {product} {ergonomic}
   size_t SoftMaxHeapSize                          = 2147483648                             {manageable} {ergonomic}
     bool UseCompressedClassPointers               = true                           {product lp64_product} {ergonomic}
     bool UseCompressedOops                        = true                           {product lp64_product} {ergonomic}
     bool UseG1GC                                  = true                                      {product} {ergonomic}
     bool UseNUMA                                  = false                                     {product} {ergonomic}
     bool UseNUMAInterleaving                      = false                                     {product} {ergonomic}

Logging:
Log output configuration:
 #0: stdout all=warning uptime,level,tags
 #1: stderr all=off uptime,level,tags

Environment Variables:
PATH=/opt/homebrew/bin:/opt/homebrew/sbin:/usr/local/bin:/usr/bin:/bin:/usr/sbin:/sbin:/usr/local/share/dotnet:~/.dotnet/tools:/Library/Apple/usr/bin:/Library/Frameworks/Mono.framework/Versions/Current/Commands
SHELL=/bin/zsh
LC_CTYPE=en_US.UTF-8

Signal Handlers:
   SIGSEGV: _ZL13crash_handleriP9__siginfoPv in libjvm.dylib, mask=11100110000111110111111111111111, flags=SA_RESTART|SA_SIGINFO
    SIGBUS: _ZL13crash_handleriP9__siginfoPv in libjvm.dylib, mask=11100110000111110111111111111111, flags=SA_RESTART|SA_SIGINFO
    SIGFPE: _ZL13crash_handleriP9__siginfoPv in libjvm.dylib, mask=11100110000111110111111111111111, flags=SA_RESTART|SA_SIGINFO
   SIGPIPE: _ZL17javaSignalHandleriP9__siginfoPv in libjvm.dylib, mask=11100110000111110111111111111111, flags=SA_RESTART|SA_SIGINFO
   SIGXFSZ: _ZL17javaSignalHandleriP9__siginfoPv in libjvm.dylib, mask=11100110000111110111111111111111, flags=SA_RESTART|SA_SIGINFO
    SIGILL: _ZL13crash_handleriP9__siginfoPv in libjvm.dylib, mask=11100110000111110111111111111111, flags=SA_RESTART|SA_SIGINFO
   SIGUSR2: _ZL10SR_handleriP9__siginfoP17__darwin_ucontext in libjvm.dylib, mask=00100000000000000000000000000000, flags=SA_RESTART|SA_SIGINFO
    SIGHUP: _ZL11UserHandleriPvS_ in libjvm.dylib, mask=11100110000111110111111111111111, flags=SA_RESTART|SA_SIGINFO
    SIGINT: _ZL11UserHandleriPvS_ in libjvm.dylib, mask=11100110000111110111111111111111, flags=SA_RESTART|SA_SIGINFO
   SIGTERM: _ZL11UserHandleriPvS_ in libjvm.dylib, mask=11100110000111110111111111111111, flags=SA_RESTART|SA_SIGINFO
   SIGQUIT: _ZL11UserHandleriPvS_ in libjvm.dylib, mask=11100110000111110111111111111111, flags=SA_RESTART|SA_SIGINFO
   SIGTRAP: _ZL13crash_handleriP9__siginfoPv in libjvm.dylib, mask=11100110000111110111111111111111, flags=SA_RESTART|SA_SIGINFO


---------------  S Y S T E M  ---------------

OS:
uname: Darwin 21.5.0 Darwin Kernel Version 21.5.0: Tue Apr 26 21:08:29 PDT 2022; root:xnu-8020.121.3~4/RELEASE_ARM64_T8101 arm64
OS uptime: 39 days 8:28 hours
rlimit (soft/hard): STACK 8176k/65520k , CORE 0k/infinity , NPROC 1333/2000 , NOFILE 10240/infinity , AS infinity/infinity , CPU infinity/infinity , DATA infinity/infinity , FSIZE infinity/infinity , MEMLOCK infinity/infinity , RSS infinity/infinity
load average: 2.37 1.84 1.77

CPU: total 8 (initial active 8) 0x61:0x0:0x1b588bb3:0, fp, simd, crc, lse

Memory: 16k page, physical 8388608k(78768k free), swap 1048576k(825856k free)

vm_info: Java HotSpot(TM) 64-Bit Server VM (17.0.1+12-LTS-39) for bsd-aarch64 JRE (17.0.1+12-LTS-39), built on Sep 27 2021 17:38:30 by "mach5one" with clang Apple LLVM 12.0.0 (clang-1200.0.32.29)

END.
